TeX Live installer invocation: install-tl 
Trying to verify cryptographic signatures!
Loading https://ctan.math.washington.edu/tex-archive/systems/texlive/tlnet/tlpkg/texlive.tlpdb
Installing TeX Live 2023 from: https://ctan.math.washington.edu/tex-archive/systems/texlive/tlnet (verified)
Platform: x86_64-linux => 'GNU/Linux on x86_64'
Distribution: net  (downloading)
Using URL: https://ctan.math.washington.edu/tex-archive/systems/texlive/tlnet
Directory for temporary files: /tmp/tfT1onxflA
Installer revision: 67839
Database revision: 68340
Settings:
  TEXDIR: "/home/maeve/.local/texlive/2023"
  TEXMFCONFIG: "~/.texlive2023/texmf-config"
  TEXMFHOME: "~/texmf"
  TEXMFLOCAL: "/home/maeve/.local/texlive/texmf-local"
  TEXMFSYSCONFIG: "/home/maeve/.local/texlive/2023/texmf-config"
  TEXMFSYSVAR: "/home/maeve/.local/texlive/2023/texmf-var"
  TEXMFVAR: "~/.texlive2023/texmf-var"
  binary_aarch64-linux: ""
  binary_amd64-freebsd: ""
  binary_amd64-netbsd: ""
  binary_armhf-linux: ""
  binary_i386-freebsd: ""
  binary_i386-linux: ""
  binary_i386-netbsd: ""
  binary_i386-solaris: ""
  binary_universal-darwin: ""
  binary_windows: ""
  binary_x86_64-cygwin: ""
  binary_x86_64-darwinlegacy: ""
  binary_x86_64-linux: "1"
  binary_x86_64-linuxmusl: ""
  binary_x86_64-solaris: ""
  collection-basic: "1"
  collection-bibtexextra: "1"
  collection-binextra: ""
  collection-context: ""
  collection-fontsextra: ""
  collection-fontsrecommended: "1"
  collection-fontutils: ""
  collection-formatsextra: ""
  collection-games: ""
  collection-humanities: ""
  collection-langarabic: ""
  collection-langchinese: ""
  collection-langcjk: ""
  collection-langcyrillic: ""
  collection-langczechslovak: ""
  collection-langenglish: "1"
  collection-langeuropean: ""
  collection-langfrench: ""
  collection-langgerman: ""
  collection-langgreek: ""
  collection-langitalian: ""
  collection-langjapanese: ""
  collection-langkorean: ""
  collection-langother: ""
  collection-langpolish: ""
  collection-langportuguese: ""
  collection-langspanish: ""
  collection-latex: "1"
  collection-latexextra: ""
  collection-latexrecommended: "1"
  collection-luatex: ""
  collection-mathscience: ""
  collection-metapost: ""
  collection-music: ""
  collection-pictures: ""
  collection-plaingeneric: ""
  collection-pstricks: ""
  collection-publishers: ""
  collection-texworks: ""
  collection-wintools: ""
  collection-xetex: ""
  doc_splitting_supported: "1"
  free_size: "283083"
  inst_platform: "x86_64-linux"
  instopt_adjustpath: ""
  instopt_adjustrepo: "1"
  instopt_letter: ""
  instopt_portable: ""
  instopt_write18_restricted: "1"
  n_collections_available: "41"
  n_collections_selected: "6"
  n_systems_available: "15"
  n_systems_selected: "1"
  page: ""
  scheme-basic: ""
  scheme-bookpub: ""
  scheme-context: ""
  scheme-full: ""
  scheme-gust: ""
  scheme-infraonly: ""
  scheme-medium: ""
  scheme-minimal: ""
  scheme-small: ""
  scheme-tetex: ""
  selected_scheme: "scheme-custom"
  src_splitting_supported: "1"
  this_platform: "x86_64-linux"
  tlpdbopt_autobackup: "1"
  tlpdbopt_backupdir: "tlpkg/backups"
  tlpdbopt_create_formats: "1"
  tlpdbopt_desktop_integration: "1"
  tlpdbopt_file_assocs: "1"
  tlpdbopt_generate_updmap: ""
  tlpdbopt_install_docfiles: "1"
  tlpdbopt_install_srcfiles: "1"
  tlpdbopt_location: "https://ctan.math.washington.edu/tex-archive/systems/texlive/tlnet"
  tlpdbopt_post_code: "1"
  tlpdbopt_sys_bin: "/usr/local/bin"
  tlpdbopt_sys_info: "/usr/local/share/info"
  tlpdbopt_sys_man: "/usr/local/share/man"
  tlpdbopt_w32_multi_user: "1"
  total_size: "1102"
Installing to: /home/maeve/.local/texlive/2023
Installing [1/4, time/total: ??:??/??:??]: hyphen-base [23k]
Installing [2/4, time/total: 00:00/00:00]: kpathsea [1048k]
Installing [3/4, time/total: 00:01/00:02]: texlive-scripts [532k]
Installing [4/4, time/total: 00:01/00:01]: texlive.infra [547k]
Time used for installing the packages: 00:01
Installing [001/481, time/total: ??:??/??:??]: aaai-named [6k]
Installing [002/481, time/total: 00:00/00:00]: ae [84k]
Installing [003/481, time/total: 00:01/01:58:14]: aichej [7k]
Installing [004/481, time/total: 00:01/01:50:40]: ajl [7k]
Installing [005/481, time/total: 00:01/01:43:56]: amiweb2c-guide [166k]
Installing [006/481, time/total: 00:01/39:09]: amscls [1437k]
Installing [007/481, time/total: 00:02/12:14]: amscls-doc [1704k]
Installing [008/481, time/total: 00:02/06:07]: amsfonts [4725k]
Installing [009/481, time/total: 00:03/03:50]: amslatex-primer [555k]
Installing [010/481, time/total: 00:03/03:35]: amsmath [2459k]
Installing [011/481, time/total: 00:04/03:44]: amsrefs [2020k]
Installing [012/481, time/total: 00:04/03:09]: annotate [5k]
Installing [013/481, time/total: 00:04/03:09]: anysize [36k]
Installing [014/481, time/total: 00:04/03:09]: apacite [827k]
Installing [015/481, time/total: 00:05/03:42]: apalike-ejor [142k]
Installing [016/481, time/total: 00:05/03:40]: apalike2 [7k]
Installing [017/481, time/total: 00:05/03:40]: archaeologie [1239k]
Installing [018/481, time/total: 00:06/04:03]: around-the-bend [441k]
Installing [019/481, time/total: 00:06/03:56]: ascii-chart [26k]
Installing [020/481, time/total: 00:06/03:56]: atbegshi [409k]
Installing [021/481, time/total: 00:06/03:50]: attachfile2 [467k]
Installing [022/481, time/total: 00:07/04:21]: attachfile2.x86_64-linux [1k]
Installing [023/481, time/total: 00:07/04:21]: atveryend [380k]
Installing [024/481, time/total: 00:07/04:15]: authordate [11k]
Installing [025/481, time/total: 00:08/04:51]: auxhook [286k]
Installing [026/481, time/total: 00:08/04:46]: avantgar [236k]
Installing [027/481, time/total: 00:08/04:43]: babel [2022k]
Installing [028/481, time/total: 00:09/04:45]: babel-english [137k]
Installing [029/481, time/total: 00:09/04:43]: babelbib [1251k]
Installing [030/481, time/total: 00:09/04:26]: beamer [3016k]
Installing [031/481, time/total: 00:10/04:19]: beebe [893k]
Installing [032/481, time/total: 00:10/04:10]: besjournals [17k]
Installing [033/481, time/total: 00:10/04:10]: bestpapers [181k]
Installing [034/481, time/total: 00:10/04:08]: bib2gls [9245k]
Installing [035/481, time/total: 00:12/03:37]: bib2gls.x86_64-linux [1k]
Installing [036/481, time/total: 00:12/03:37]: bibarts [1329k]
Installing [037/481, time/total: 00:12/03:29]: bibcop [365k]
Installing [038/481, time/total: 00:13/03:45]: bibcop.x86_64-linux [1k]
Installing [039/481, time/total: 00:13/03:45]: biber [1204k]
Installing [040/481, time/total: 00:13/03:37]: biber-ms [1191k]
Installing [041/481, time/total: 00:14/03:47]: biber-ms.x86_64-linux [22998k]
Installing [042/481, time/total: 00:16/02:42]: biber.x86_64-linux [22992k]
Installing [043/481, time/total: 00:18/02:13]: bibexport [268k]
Installing [044/481, time/total: 00:19/02:20]: bibexport.x86_64-linux [1k]
Installing [045/481, time/total: 00:19/02:20]: bibhtml [35k]
Installing [046/481, time/total: 00:19/02:20]: biblatex [7408k]
Installing [047/481, time/total: 00:20/02:15]: biblatex-abnt [859k]
Installing [048/481, time/total: 00:21/02:21]: biblatex-ajc2020unofficial [3k]
Installing [049/481, time/total: 00:21/02:21]: biblatex-anonymous [63k]
Installing [050/481, time/total: 00:21/02:20]: biblatex-apa [351k]
Installing [051/481, time/total: 00:21/02:20]: biblatex-apa6 [243k]
Installing [052/481, time/total: 00:22/02:26]: biblatex-archaeology [4944k]
Installing [053/481, time/total: 00:23/02:25]: biblatex-arthistory-bonn [187k]
Installing [054/481, time/total: 00:23/02:25]: biblatex-bath [488k]
Installing [055/481, time/total: 00:23/02:24]: biblatex-bookinarticle [105k]
Installing [056/481, time/total: 00:23/02:24]: biblatex-bookinother [279k]
Installing [057/481, time/total: 00:24/02:30]: biblatex-bwl [113k]
Installing [058/481, time/total: 00:24/02:30]: biblatex-caspervector [603k]
Installing [059/481, time/total: 00:24/02:29]: biblatex-cheatsheet [316k]
Installing [060/481, time/total: 00:24/02:28]: biblatex-chem [903k]
Installing [061/481, time/total: 00:25/02:33]: biblatex-chicago [2751k]
Installing [062/481, time/total: 00:25/02:29]: biblatex-claves [91k]
Installing [063/481, time/total: 00:25/02:29]: biblatex-cv [174k]
Installing [064/481, time/total: 00:26/02:35]: biblatex-dw [1135k]
Installing [065/481, time/total: 00:26/02:33]: biblatex-enc [11k]
Installing [066/481, time/total: 00:26/02:33]: biblatex-ext [886k]
Installing [067/481, time/total: 00:26/02:32]: biblatex-fiwi [598k]
Installing [068/481, time/total: 00:27/02:37]: biblatex-gb7714-2015 [1445k]
Installing [069/481, time/total: 00:27/02:35]: biblatex-german-legal [176k]
Installing [070/481, time/total: 00:27/02:34]: biblatex-gost [1003k]
Installing [071/481, time/total: 00:28/02:39]: biblatex-historian [589k]
Installing [072/481, time/total: 00:28/02:38]: biblatex-ieee [560k]
Installing [073/481, time/total: 00:28/02:37]: biblatex-ijsra [50k]
Installing [074/481, time/total: 00:28/02:37]: biblatex-iso690 [296k]
Installing [075/481, time/total: 00:29/02:42]: biblatex-jura2 [376k]
Installing [076/481, time/total: 00:29/02:42]: biblatex-juradiss [134k]
Installing [077/481, time/total: 00:29/02:41]: biblatex-license [228k]
Installing [078/481, time/total: 00:29/02:41]: biblatex-lncs [12k]
Installing [079/481, time/total: 00:30/02:47]: biblatex-lni [13k]
Installing [080/481, time/total: 00:30/02:47]: biblatex-luh-ipw [356k]
Installing [081/481, time/total: 00:30/02:46]: biblatex-manuscripts-philology [147k]
Installing [082/481, time/total: 00:30/02:46]: biblatex-mla [696k]
Installing [083/481, time/total: 00:31/02:50]: biblatex-morenames [134k]
Installing [084/481, time/total: 00:31/02:50]: biblatex-ms [7549k]
Installing [085/481, time/total: 00:32/02:45]: biblatex-multiple-dm [55k]
Installing [086/481, time/total: 00:32/02:45]: biblatex-musuos [419k]
Installing [087/481, time/total: 00:32/02:44]: biblatex-nature [380k]
Installing [088/481, time/total: 00:33/02:49]: biblatex-nejm [155k]
Installing [089/481, time/total: 00:33/02:49]: biblatex-nottsclassic [112k]
Installing [090/481, time/total: 00:33/02:48]: biblatex-opcit-booktitle [110k]
Installing [091/481, time/total: 00:33/02:48]: biblatex-oxref [2189k]
Installing [092/481, time/total: 00:34/02:50]: biblatex-philosophy [582k]
Installing [093/481, time/total: 00:34/02:49]: biblatex-phys [450k]
Installing [094/481, time/total: 00:35/02:54]: biblatex-publist [431k]
Installing [095/481, time/total: 00:36/02:58]: biblatex-readbbl [28k]
Installing [096/481, time/total: 00:36/02:58]: biblatex-realauthor [94k]
Installing [097/481, time/total: 00:36/02:58]: biblatex-sbl [668k]
Installing [098/481, time/total: 00:36/02:57]: biblatex-science [352k]
Installing [099/481, time/total: 00:37/03:02]: biblatex-shortfields [83k]
Installing [100/481, time/total: 00:37/03:01]: biblatex-socialscienceshuberlin [112k]
Installing [101/481, time/total: 00:37/03:01]: biblatex-software [312k]
Installing [102/481, time/total: 00:38/03:06]: biblatex-source-division [66k]
Installing [103/481, time/total: 00:38/03:06]: biblatex-spbasic [82k]
Installing [104/481, time/total: 00:38/03:06]: biblatex-subseries [70k]
Installing [105/481, time/total: 00:38/03:05]: biblatex-swiss-legal [520k]
Installing [106/481, time/total: 00:38/03:05]: biblatex-trad [463k]
Installing [107/481, time/total: 00:39/03:09]: biblatex-true-citepages-omit [71k]
Installing [108/481, time/total: 00:39/03:09]: biblatex-unified [619k]
Installing [109/481, time/total: 00:39/03:08]: biblatex-vancouver [14k]
Installing [110/481, time/total: 00:39/03:08]: biblatex2bibitem [222k]
Installing [111/481, time/total: 00:40/03:12]: biblist [211k]
Installing [112/481, time/total: 00:40/03:12]: bibtex [404k]
Installing [113/481, time/total: 00:40/03:11]: bibtex.x86_64-linux [74k]
Installing [114/481, time/total: 00:40/03:11]: bibtexperllibs [157k]
Installing [115/481, time/total: 00:41/03:16]: bibtools [26k]
Installing [116/481, time/total: 00:41/03:16]: bibtopic [265k]
Installing [117/481, time/total: 00:41/03:15]: bibtopicprefix [373k]
Installing [118/481, time/total: 00:42/03:20]: bibunits [208k]
Installing [119/481, time/total: 00:42/03:19]: bigintcalc [467k]
Installing [120/481, time/total: 00:42/03:19]: biolett-bst [7k]
Installing [121/481, time/total: 00:43/03:23]: bitset [622k]
Installing [122/481, time/total: 00:43/03:22]: bookdb [212k]
Installing [123/481, time/total: 00:43/03:22]: bookman [273k]
Installing [124/481, time/total: 00:43/03:22]: bookmark [485k]
Installing [125/481, time/total: 00:44/03:26]: booktabs [306k]
Installing [126/481, time/total: 00:44/03:25]: breakcites [146k]
Installing [127/481, time/total: 00:44/03:25]: breqn [1141k]
Installing [128/481, time/total: 00:45/03:28]: caption [1002k]
Installing [129/481, time/total: 00:45/03:26]: carlisle [85k]
Installing [130/481, time/total: 00:46/03:31]: cell [12k]
Installing [131/481, time/total: 00:46/03:31]: charter [172k]
Installing [132/481, time/total: 00:46/03:30]: chbibref [167k]
Installing [133/481, time/total: 00:47/03:35]: chembst [223k]
Installing [134/481, time/total: 00:47/03:34]: chicago [11k]
Installing [135/481, time/total: 00:47/03:34]: chicago-annote [10k]
Installing [136/481, time/total: 00:47/03:34]: chicagoa [9k]
Installing [137/481, time/total: 00:47/03:34]: chscite [202k]
Installing [138/481, time/total: 00:48/03:39]: citation-style-language [2994k]
Installing [139/481, time/total: 00:48/03:34]: citation-style-language.x86_64-linux [1k]
Installing [140/481, time/total: 00:49/03:38]: cite [237k]
Installing [141/481, time/total: 00:49/03:38]: citeall [110k]
Installing [142/481, time/total: 00:49/03:38]: citeref [67k]
Installing [143/481, time/total: 00:50/03:42]: cm [235k]
Installing [144/481, time/total: 00:50/03:42]: cm-super [63072k]
Installing [145/481, time/total: 00:55/02:48]: cmap [8k]
Installing [146/481, time/total: 00:55/02:48]: cmextra [22k]
Installing [147/481, time/total: 00:55/02:48]: collection-basic [1k]
Installing [148/481, time/total: 00:55/02:48]: collection-bibtexextra [2k]
Installing [149/481, time/total: 00:56/02:51]: collection-fontsrecommended [1k]
Installing [150/481, time/total: 00:56/02:51]: collection-langenglish [1k]
Installing [151/481, time/total: 00:56/02:51]: collection-latex [1k]
Installing [152/481, time/total: 00:56/02:51]: collection-latexrecommended [1k]
Installing [153/481, time/total: 00:56/02:51]: collref [275k]
Installing [154/481, time/total: 00:57/02:54]: colorprofiles [113k]
Installing [155/481, time/total: 00:57/02:54]: colortbl [630k]
Installing [156/481, time/total: 00:57/02:54]: compactbib [2k]
Installing [157/481, time/total: 00:57/02:54]: components [12k]
Installing [158/481, time/total: 00:58/02:57]: comprehensive [29211k]
Installing [159/481, time/total: 01:00/02:40]: courier [470k]
Installing [160/481, time/total: 01:00/02:40]: crop [341k]
Installing [161/481, time/total: 01:00/02:39]: crossrefware [354k]
Installing [162/481, time/total: 01:01/02:42]: crossrefware.x86_64-linux [1k]
Installing [163/481, time/total: 01:01/02:42]: ctable [700k]
Installing [164/481, time/total: 01:01/02:41]: custom-bib [752k]
Installing [165/481, time/total: 01:02/02:43]: dehyph [46k]
Installing [166/481, time/total: 01:02/02:43]: dickimaw [6529k]
Installing [167/481, time/total: 01:03/02:42]: din1505 [19k]
Installing [168/481, time/total: 01:03/02:41]: dk-bib [410k]
Installing [169/481, time/total: 01:03/02:41]: docsurvey [256k]
Installing [170/481, time/total: 01:03/02:41]: doipubmed [79k]
Installing [171/481, time/total: 01:04/02:44]: drawing-with-metapost [15316k]
Installing [172/481, time/total: 01:05/02:36]: dtxtut [307k]
Installing [173/481, time/total: 01:06/02:39]: dvipdfmx [3078k]
Installing [174/481, time/total: 01:06/02:37]: dvipdfmx.x86_64-linux [423k]
Installing [175/481, time/total: 01:06/02:36]: dvips [576k]
Installing [176/481, time/total: 01:07/02:38]: dvips.x86_64-linux [148k]
Installing [177/481, time/total: 01:07/02:38]: ec [280k]
Installing [178/481, time/total: 01:07/02:38]: ecobiblatex [429k]
Installing [179/481, time/total: 01:07/02:38]: econ-bst [1287k]
Installing [180/481, time/total: 01:08/02:39]: economic [828k]
Installing [181/481, time/total: 01:08/02:39]: enctex [272k]
Installing [182/481, time/total: 01:08/02:39]: epstopdf-pkg [362k]
Installing [183/481, time/total: 01:09/02:41]: eso-pic [294k]
Installing [184/481, time/total: 01:09/02:41]: etex [202k]
Installing [185/481, time/total: 01:09/02:41]: etex-pkg [7k]
Installing [186/481, time/total: 01:09/02:41]: etexcmds [302k]
Installing [187/481, time/total: 01:10/02:43]: etoolbox [241k]
Installing [188/481, time/total: 01:10/02:43]: euenc [153k]
Installing [189/481, time/total: 01:10/02:43]: euler [245k]
Installing [190/481, time/total: 01:11/02:45]: euro [213k]
Installing [191/481, time/total: 01:12/02:47]: euro-ce [12k]
Installing [192/481, time/total: 01:12/02:47]: eurosym [408k]
Installing [193/481, time/total: 01:12/02:47]: everysel [440k]
Installing [194/481, time/total: 01:13/02:49]: everyshi [136k]
Installing [195/481, time/total: 01:13/02:49]: extsizes [202k]
Installing [196/481, time/total: 01:13/02:49]: fancybox [279k]
Installing [197/481, time/total: 01:13/02:48]: fancyhdr [878k]
Installing [198/481, time/total: 01:14/02:50]: fancyref [124k]
Installing [199/481, time/total: 01:14/02:50]: fancyvrb [188k]
Installing [200/481, time/total: 01:14/02:50]: fbs [6k]
Installing [201/481, time/total: 01:14/02:50]: figbib [134k]
Installing [202/481, time/total: 01:15/02:52]: filehook [321k]
Installing [203/481, time/total: 01:15/02:52]: first-latex-doc [493k]
Installing [204/481, time/total: 01:15/02:52]: firstaid [268k]
Installing [205/481, time/total: 01:16/02:54]: fix2col [217k]
Installing [206/481, time/total: 01:16/02:54]: float [125k]
Installing [207/481, time/total: 01:16/02:54]: fontinstallationguide [516k]
Installing [208/481, time/total: 01:17/02:55]: fontspec [1300k]
Installing [209/481, time/total: 01:17/02:55]: footbib [221k]
Installing [210/481, time/total: 01:18/02:57]: footmisc [533k]
Installing [211/481, time/total: 01:18/02:56]: footnotehyper [101k]
Installing [212/481, time/total: 01:18/02:56]: forest-quickstart [105k]
Installing [213/481, time/total: 01:19/02:59]: fp [233k]
Installing [214/481, time/total: 01:19/02:58]: fpl [320k]
Installing [215/481, time/total: 01:19/02:58]: francais-bst [10k]
Installing [216/481, time/total: 01:20/03:00]: gbt7714 [505k]
Installing [217/481, time/total: 01:20/03:00]: gentle [386k]
Installing [218/481, time/total: 01:20/03:00]: geometry [900k]
Installing [219/481, time/total: 01:21/03:02]: geschichtsfrkl [657k]
Installing [220/481, time/total: 01:21/03:01]: gettitlestring [320k]
Installing [221/481, time/total: 01:21/03:01]: glossaries-extra [17444k]
Installing [222/481, time/total: 01:24/02:57]: glyphlist [25k]
Installing [223/481, time/total: 01:24/02:57]: graphics [2517k]
Installing [224/481, time/total: 01:24/02:55]: graphics-cfg [2k]
Installing [225/481, time/total: 01:25/02:57]: graphics-def [12k]
Installing [226/481, time/total: 01:25/02:57]: grfext [310k]
Installing [227/481, time/total: 01:25/02:57]: grffile [357k]
Installing [228/481, time/total: 01:26/02:59]: guide-to-latex [171k]
Installing [229/481, time/total: 01:26/02:59]: happy4th [52k]
Installing [230/481, time/total: 01:26/02:59]: harvard [91k]
Installing [231/481, time/total: 01:27/03:01]: harvmac [12k]
Installing [232/481, time/total: 01:27/03:01]: helvetic [527k]
Installing [233/481, time/total: 01:27/03:00]: hep-bibliography [543k]
Installing [234/481, time/total: 01:28/03:02]: historische-zeitschrift [9k]
Installing [235/481, time/total: 01:28/03:02]: hologo [594k]
Installing [236/481, time/total: 01:28/03:02]: hopatch [321k]
Installing [237/481, time/total: 01:29/03:04]: hycolor [380k]
Installing [238/481, time/total: 01:29/03:03]: hyperref [4082k]
Installing [239/481, time/total: 01:30/03:03]: hyph-utf8 [312k]
Installing [240/481, time/total: 01:30/03:03]: hyphen-english [41k]
Installing [241/481, time/total: 01:30/03:03]: hyphenex [208k]
Installing [242/481, time/total: 01:30/03:03]: icite [282k]
Installing [243/481, time/total: 01:31/03:05]: ietfbibs [4k]
Installing [244/481, time/total: 01:31/03:05]: iexec [333k]
Installing [245/481, time/total: 01:31/03:04]: ifplatform [156k]
Installing [246/481, time/total: 01:32/03:06]: iftex [227k]
Installing [247/481, time/total: 01:32/03:06]: ijqc [111k]
Installing [248/481, time/total: 01:32/03:06]: impatient [1628k]
Installing [249/481, time/total: 01:33/03:07]: index [179k]
Installing [250/481, time/total: 01:33/03:07]: infwarerr [287k]
Installing [251/481, time/total: 01:33/03:07]: inlinebib [27k]
Installing [252/481, time/total: 01:33/03:07]: intcalc [431k]
Installing [253/481, time/total: 01:34/03:09]: intro-scientific [269k]
Installing [254/481, time/total: 01:34/03:08]: iopart-num [70k]
Installing [255/481, time/total: 01:34/03:08]: is-bst [29k]
Installing [256/481, time/total: 01:35/03:10]: jbact [10k]
Installing [257/481, time/total: 01:35/03:10]: jknapltx [13k]
Installing [258/481, time/total: 01:35/03:10]: jmb [10k]
Installing [259/481, time/total: 01:35/03:10]: jneurosci [239k]
Installing [260/481, time/total: 01:35/03:10]: jurabib [748k]
Installing [261/481, time/total: 01:36/03:12]: knuth-errata [261k]
Installing [262/481, time/total: 01:36/03:12]: knuth-hint [18239k]
Installing [263/481, time/total: 01:38/03:05]: knuth-lib [30k]
Installing [264/481, time/total: 01:38/03:05]: knuth-local [23k]
Installing [265/481, time/total: 01:38/03:05]: knuth-pdf [44533k]
Installing [266/481, time/total: 01:43/02:51]: koma-script [7176k]
Installing [267/481, time/total: 01:44/02:50]: kpathsea.x86_64-linux [40k]
Installing [268/481, time/total: 01:44/02:49]: ksfh_nat [4k]
Installing [269/481, time/total: 01:44/02:49]: kvdefinekeys [297k]
Installing [270/481, time/total: 01:45/02:51]: kvoptions [502k]
Installing [271/481, time/total: 01:45/02:51]: kvsetkeys [396k]
Installing [272/481, time/total: 01:45/02:51]: l2tabu-english [261k]
Installing [273/481, time/total: 01:46/02:52]: l3backend [917k]
Installing [274/481, time/total: 01:46/02:52]: l3experimental [3518k]
Installing [275/481, time/total: 01:47/02:52]: l3kernel [12481k]
Installing [276/481, time/total: 01:48/02:48]: l3packages [1858k]
Installing [277/481, time/total: 01:49/02:49]: latex [32970k]
Installing [278/481, time/total: 01:53/02:42]: latex-bin [54k]
Installing [279/481, time/total: 01:53/02:42]: latex-bin.x86_64-linux [1k]
Installing [280/481, time/total: 01:53/02:42]: latex-brochure [6056k]
Installing [281/481, time/total: 01:54/02:41]: latex-course [587k]
Installing [282/481, time/total: 01:55/02:42]: latex-doc-ptr [184k]
Installing [283/481, time/total: 01:55/02:42]: latex-fonts [19k]
Installing [284/481, time/total: 01:55/02:42]: latex-for-undergraduates [1964k]
Installing [285/481, time/total: 01:56/02:43]: latex-graphics-companion [61k]
Installing [286/481, time/total: 01:56/02:43]: latex-lab [6787k]
Installing [287/481, time/total: 01:57/02:42]: latex-refsheet [4904k]
Installing [288/481, time/total: 01:58/02:41]: latex-veryshortguide [510k]
Installing [289/481, time/total: 01:58/02:41]: latex-web-companion [267k]
Installing [290/481, time/total: 01:58/02:41]: latex2e-help-texinfo [2074k]
Installing [291/481, time/total: 01:59/02:42]: latex4wp [1261k]
Installing [292/481, time/total: 01:59/02:41]: latexbug [235k]
Installing [293/481, time/total: 01:59/02:41]: latexcheat [153k]
Installing [294/481, time/total: 01:59/02:41]: latexconfig [4k]
Installing [295/481, time/total: 02:00/02:42]: latexcourse-rug [5079k]
Installing [296/481, time/total: 02:00/02:41]: latexfileinfo-pkgs [17k]
Installing [297/481, time/total: 02:01/02:42]: letltxmacro [292k]
Installing [298/481, time/total: 02:01/02:42]: lineno [886k]
Installing [299/481, time/total: 02:01/02:41]: listbib [359k]
Installing [300/481, time/total: 02:02/02:43]: listbib.x86_64-linux [1k]
Installing [301/481, time/total: 02:02/02:43]: listings [3092k]
Installing [302/481, time/total: 02:03/02:43]: lm [14118k]
Installing [303/481, time/total: 02:04/02:39]: lm-math [462k]
Installing [304/481, time/total: 02:05/02:41]: logreq [7k]
Installing [305/481, time/total: 02:05/02:41]: lshort-english [723k]
Installing [306/481, time/total: 02:05/02:40]: ltb2bib [49k]
Installing [307/481, time/total: 02:06/02:42]: ltxcmds [400k]
Installing [308/481, time/total: 02:06/02:41]: ltxmisc [16k]
Installing [309/481, time/total: 02:06/02:41]: lua-alt-getopt [6k]
Installing [310/481, time/total: 02:06/02:41]: lua-uca [148k]
Installing [311/481, time/total: 02:07/02:43]: lua-uni-algos [80k]
Installing [312/481, time/total: 02:07/02:43]: luabibentry [149k]
Installing [313/481, time/total: 02:07/02:43]: luahbtex [30k]
Installing [314/481, time/total: 02:08/02:44]: luahbtex.x86_64-linux [2303k]
Installing [315/481, time/total: 02:08/02:43]: lualibs [226k]
Installing [316/481, time/total: 02:08/02:43]: luaotfload [1236k]
Installing [317/481, time/total: 02:09/02:44]: luaotfload.x86_64-linux [1k]
Installing [318/481, time/total: 02:09/02:44]: luatex [1916k]
Installing [319/481, time/total: 02:10/02:45]: luatex.x86_64-linux [1772k]
Installing [320/481, time/total: 02:10/02:44]: luaxml [153k]
Installing [321/481, time/total: 02:10/02:44]: lwarp [3842k]
Installing [322/481, time/total: 02:11/02:44]: lwarp.x86_64-linux [1k]
Installing [323/481, time/total: 02:11/02:44]: macros2e [183k]
Installing [324/481, time/total: 02:12/02:45]: makecmds [120k]
Installing [325/481, time/total: 02:12/02:45]: makeindex [460k]
Installing [326/481, time/total: 02:12/02:45]: makeindex.x86_64-linux [50k]
Installing [327/481, time/total: 02:12/02:45]: manfnt-font [26k]
Installing [328/481, time/total: 02:12/02:45]: margbib [190k]
Installing [329/481, time/total: 02:13/02:46]: marvosym [549k]
Installing [330/481, time/total: 02:13/02:46]: math-into-latex-4 [1612k]
Installing [331/481, time/total: 02:14/02:47]: mathpazo [445k]
Installing [332/481, time/total: 02:14/02:46]: maths-symbols [342k]
Installing [333/481, time/total: 02:14/02:46]: mathspec [179k]
Installing [334/481, time/total: 02:15/02:48]: mathtools [1130k]
Installing [335/481, time/total: 02:15/02:47]: mdwtools [1689k]
Installing [336/481, time/total: 02:16/02:48]: memdesign [1745k]
Installing [337/481, time/total: 02:16/02:47]: memoir [3334k]
Installing [338/481, time/total: 02:16/02:46]: memoirchapterstyles [739k]
Installing [339/481, time/total: 02:17/02:47]: metafont [61k]
Installing [340/481, time/total: 02:17/02:47]: metafont-beginners [176k]
Installing [341/481, time/total: 02:17/02:47]: metafont.x86_64-linux [184k]
Installing [342/481, time/total: 02:17/02:47]: metalogo [86k]
Installing [343/481, time/total: 02:18/02:48]: metapost-examples [22k]
Installing [344/481, time/total: 02:18/02:48]: mflogo [242k]
Installing [345/481, time/total: 02:18/02:48]: mflogo-font [19k]
Installing [346/481, time/total: 02:19/02:49]: mfnfss [458k]
Installing [347/481, time/total: 02:19/02:49]: mfware [103k]
Installing [348/481, time/total: 02:19/02:49]: mfware.x86_64-linux [119k]
Installing [349/481, time/total: 02:19/02:49]: microtype [2790k]
Installing [350/481, time/total: 02:20/02:49]: modes [297k]
Installing [351/481, time/total: 02:20/02:49]: mptopdf [50k]
Installing [352/481, time/total: 02:20/02:49]: mptopdf.x86_64-linux [1k]
Installing [353/481, time/total: 02:21/02:50]: ms [574k]
Installing [354/481, time/total: 02:21/02:50]: multibib [214k]
Installing [355/481, time/total: 02:21/02:50]: multibibliography [459k]
Installing [356/481, time/total: 02:22/02:51]: multibibliography.x86_64-linux [1k]
Installing [357/481, time/total: 02:22/02:51]: munich [278k]
Installing [358/481, time/total: 02:22/02:51]: nar [7k]
Installing [359/481, time/total: 02:22/02:51]: natbib [493k]
Installing [360/481, time/total: 02:23/02:52]: ncntrsbk [285k]
Installing [361/481, time/total: 02:23/02:52]: newcastle-bst [144k]
Installing [362/481, time/total: 02:23/02:52]: newfloat [118k]
Installing [363/481, time/total: 02:23/02:52]: nmbib [454k]
Installing [364/481, time/total: 02:24/02:53]: notes2bib [253k]
Installing [365/481, time/total: 02:24/02:53]: notex-bst [5k]
Installing [366/481, time/total: 02:24/02:53]: ntgclass [1697k]
Installing [367/481, time/total: 02:25/02:54]: oberdiek [7998k]
Installing [368/481, time/total: 02:26/02:52]: oscola [641k]
Installing [369/481, time/total: 02:27/02:53]: pagesel [334k]
Installing [370/481, time/total: 02:27/02:53]: palatino [319k]
Installing [371/481, time/total: 02:27/02:53]: parskip [315k]
Installing [372/481, time/total: 02:28/02:54]: patgen2-tutorial [78k]
Installing [373/481, time/total: 02:28/02:54]: pdfcolfoot [311k]
Installing [374/481, time/total: 02:28/02:54]: pdfescape [347k]
Installing [375/481, time/total: 02:29/02:55]: pdflscape [317k]
Installing [376/481, time/total: 02:29/02:55]: pdfmanagement-testphase [8729k]
Installing [377/481, time/total: 02:31/02:54]: pdfpages [364k]
Installing [378/481, time/total: 02:31/02:54]: pdftex [2085k]
Installing [379/481, time/total: 02:32/02:55]: pdftex.x86_64-linux [836k]
Installing [380/481, time/total: 02:32/02:54]: pdftexcmds [391k]
Installing [381/481, time/total: 02:32/02:54]: perception [7k]
Installing [382/481, time/total: 02:33/02:55]: pgf [10462k]
Installing [383/481, time/total: 02:34/02:53]: pgfopts [180k]
Installing [384/481, time/total: 02:35/02:54]: pictexsum [189k]
Installing [385/481, time/total: 02:35/02:54]: plain [29k]
Installing [386/481, time/total: 02:35/02:54]: plain-doc [5k]
Installing [387/481, time/total: 02:35/02:54]: plainyr [5k]
Installing [388/481, time/total: 02:35/02:54]: pnas2009 [4k]
Installing [389/481, time/total: 02:36/02:55]: polyglossia [1013k]
Installing [390/481, time/total: 02:36/02:55]: psfrag [86k]
Installing [391/481, time/total: 02:36/02:55]: pslatex [7k]
Installing [392/481, time/total: 02:37/02:56]: psnfss [275k]
Installing [393/481, time/total: 02:37/02:56]: pspicture [50k]
Installing [394/481, time/total: 02:37/02:56]: pxfonts [861k]
Installing [395/481, time/total: 02:38/02:57]: ragged2e [726k]
Installing [396/481, time/total: 02:38/02:57]: rcs [154k]
Installing [397/481, time/total: 02:38/02:57]: refcount [329k]
Installing [398/481, time/total: 02:39/02:58]: rerunfilecheck [334k]
Installing [399/481, time/total: 02:39/02:58]: rsc [205k]
Installing [400/481, time/total: 02:39/02:57]: rsfs [58k]
Installing [401/481, time/total: 02:40/02:59]: sansmath [182k]
Installing [402/481, time/total: 02:40/02:59]: section [359k]
Installing [403/481, time/total: 02:40/02:58]: seminar [371k]
Installing [404/481, time/total: 02:40/02:58]: sepnum [349k]
Installing [405/481, time/total: 02:41/02:59]: setspace [200k]
Installing [406/481, time/total: 02:41/02:59]: short-math-guide [552k]
Installing [407/481, time/total: 02:41/02:59]: showtags [209k]
Installing [408/481, time/total: 02:41/02:59]: simplified-latex [922k]
Installing [409/481, time/total: 02:42/03:00]: sort-by-letters [13k]
Installing [410/481, time/total: 02:42/03:00]: splitbib [156k]
Installing [411/481, time/total: 02:42/03:00]: stringenc [702k]
Installing [412/481, time/total: 02:43/03:01]: subfig [492k]
Installing [413/481, time/total: 02:43/03:00]: svg-inkscape [194k]
Installing [414/481, time/total: 02:44/03:02]: symbol [36k]
Installing [415/481, time/total: 02:44/03:02]: tamethebeast [793k]
Installing [416/481, time/total: 02:44/03:01]: tds [256k]
Installing [417/481, time/total: 02:45/03:02]: tex [44k]
Installing [418/481, time/total: 02:45/03:02]: tex-font-errors-cheatsheet [215k]
Installing [419/481, time/total: 02:45/03:02]: tex-gyre [19441k]
Installing [420/481, time/total: 02:47/02:58]: tex-gyre-math [2044k]
Installing [421/481, time/total: 02:48/02:59]: tex-ini-files [5k]
Installing [422/481, time/total: 02:48/02:59]: tex-nutshell [297k]
Installing [423/481, time/total: 02:48/02:59]: tex-overview [255k]
Installing [424/481, time/total: 02:48/02:59]: tex-refs [415k]
Installing [425/481, time/total: 02:49/02:59]: tex-vpat [140k]
Installing [426/481, time/total: 02:49/02:59]: tex.x86_64-linux [175k]
Installing [427/481, time/total: 02:49/02:59]: texbytopic [1107k]
Installing [428/481, time/total: 02:49/02:59]: texlive-common [692k]
Installing [429/481, time/total: 02:50/03:00]: texlive-en [1826k]
Installing [430/481, time/total: 02:50/02:59]: texlive-msg-translations [149k]
Installing [431/481, time/total: 02:50/02:59]: texlive-scripts.x86_64-linux [1k]
Installing [432/481, time/total: 02:50/02:59]: texlive.infra.x86_64-linux [143k]
Installing [433/481, time/total: 02:51/03:00]: texonly [73k]
Installing [434/481, time/total: 02:51/03:00]: textcase [228k]
Installing [435/481, time/total: 02:51/03:00]: thumbpdf [49k]
Installing [436/481, time/total: 02:51/03:00]: thumbpdf.x86_64-linux [1k]
Installing [437/481, time/total: 02:52/03:01]: times [281k]
Installing [438/481, time/total: 02:52/03:01]: tipa [5098k]
Installing [439/481, time/total: 02:52/03:00]: titlepages [867k]
Installing [440/481, time/total: 02:53/03:00]: tlc2 [113k]
Installing [441/481, time/total: 02:53/03:00]: tlc3-examples [1836k]
Installing [442/481, time/total: 02:53/03:00]: tlmgrbasics [160k]
Installing [443/481, time/total: 02:54/03:01]: tlshell [33k]
Installing [444/481, time/total: 02:54/03:01]: tlshell.x86_64-linux [1k]
Installing [445/481, time/total: 02:54/03:01]: tools [5455k]
Installing [446/481, time/total: 02:55/03:00]: translator [239k]
Installing [447/481, time/total: 02:55/03:00]: turabian-formatting [126k]
Installing [448/481, time/total: 02:55/03:00]: txfonts [1298k]
Installing [449/481, time/total: 02:56/03:01]: typehtml [175k]
Installing [450/481, time/total: 02:56/03:01]: ucharcat [160k]
Installing [451/481, time/total: 02:57/03:02]: undergradmath [1989k]
Installing [452/481, time/total: 02:57/03:01]: underscore [246k]
Installing [453/481, time/total: 02:57/03:01]: uni-wtal-ger [72k]
Installing [454/481, time/total: 02:57/03:01]: uni-wtal-lin [95k]
Installing [455/481, time/total: 02:58/03:02]: unicode-data [301k]
Installing [456/481, time/total: 02:58/03:02]: unicode-math [3336k]
Installing [457/481, time/total: 02:59/03:02]: uniquecounter [292k]
Installing [458/481, time/total: 02:59/03:02]: url [266k]
Installing [459/481, time/total: 02:59/03:02]: urlbst [284k]
Installing [460/481, time/total: 03:00/03:03]: urlbst.x86_64-linux [1k]
Installing [461/481, time/total: 03:00/03:03]: usebib [257k]
Installing [462/481, time/total: 03:00/03:03]: utopia [204k]
Installing [463/481, time/total: 03:01/03:04]: vak [95k]
Installing [464/481, time/total: 03:01/03:04]: visualfaq [5062k]
Installing [465/481, time/total: 03:01/03:02]: wasy [322k]
Installing [466/481, time/total: 03:02/03:03]: wasy-type1 [257k]
Installing [467/481, time/total: 03:02/03:03]: wasysym [172k]
Installing [468/481, time/total: 03:02/03:03]: webguide [143k]
Installing [469/481, time/total: 03:02/03:03]: windycity [580k]
Installing [470/481, time/total: 03:03/03:04]: xcite [159k]
Installing [471/481, time/total: 03:03/03:04]: xcolor [1001k]
Installing [472/481, time/total: 03:04/03:04]: xdvi [176k]
Installing [473/481, time/total: 03:04/03:04]: xdvi.x86_64-linux [542k]
Installing [474/481, time/total: 03:04/03:04]: xetexref [161k]
Installing [475/481, time/total: 03:04/03:04]: xkeyval [468k]
Installing [476/481, time/total: 03:05/03:05]: xltxtra [107k]
Installing [477/481, time/total: 03:05/03:05]: xunicode [26k]
Installing [478/481, time/total: 03:05/03:05]: yet-another-guide-latex2e [892k]
Installing [479/481, time/total: 03:06/03:06]: zapfchan [79k]
Installing [480/481, time/total: 03:06/03:06]: zapfding [46k]
Installing [481/481, time/total: 03:06/03:06]: zootaxa-bst [139k]
Time used for installing the packages: 03:06
running mktexlsr /home/maeve/.local/texlive/2023/texmf-dist ...
writing fmtutil.cnf to /home/maeve/.local/texlive/2023/texmf-dist/web2c/fmtutil.cnf
writing updmap.cfg to /home/maeve/.local/texlive/2023/texmf-dist/web2c/updmap.cfg
writing language.dat to /home/maeve/.local/texlive/2023/texmf-var/tex/generic/config/language.dat
writing language.def to /home/maeve/.local/texlive/2023/texmf-var/tex/generic/config/language.def
writing language.dat.lua to /home/maeve/.local/texlive/2023/texmf-var/tex/generic/config/language.dat.lua
running mktexlsr /home/maeve/.local/texlive/2023/texmf-var /home/maeve/.local/texlive/2023/texmf-config /home/maeve/.local/texlive/2023/texmf-dist ...
running updmap-sys --nohash ...done
updmap will read the following updmap.cfg files (in precedence order):
  /home/maeve/.local/texlive/2023/texmf-dist/web2c/updmap.cfg
updmap may write changes to the following updmap.cfg file:
  /home/maeve/.local/texlive/2023/texmf-config/web2c/updmap.cfg
dvips output dir: "/home/maeve/.local/texlive/2023/texmf-var/fonts/map/dvips/updmap"
pdftex output dir: "/home/maeve/.local/texlive/2023/texmf-var/fonts/map/pdftex/updmap"
dvipdfmx output dir: "/home/maeve/.local/texlive/2023/texmf-var/fonts/map/dvipdfmx/updmap"

updmap is creating new map files
using the following configuration:
  LW35 font names                  : URWkb (/home/maeve/.local/texlive/2023/texmf-dist/web2c/updmap.cfg)
  prefer outlines                  : true (/home/maeve/.local/texlive/2023/texmf-dist/web2c/updmap.cfg)
  texhash enabled                  : false
  download standard fonts (dvips)  : true (/home/maeve/.local/texlive/2023/texmf-dist/web2c/updmap.cfg)
  download standard fonts (pdftex) : true (/home/maeve/.local/texlive/2023/texmf-dist/web2c/updmap.cfg)
  jaEmbed replacement string       : haranoaji (/home/maeve/.local/texlive/2023/texmf-dist/web2c/updmap.cfg)
  jaVariant replacement string     : -04 (/home/maeve/.local/texlive/2023/texmf-dist/web2c/updmap.cfg)
  scEmbed replacement string       : arphic (/home/maeve/.local/texlive/2023/texmf-dist/web2c/updmap.cfg)
  tcEmbed replacement string       : arphic (/home/maeve/.local/texlive/2023/texmf-dist/web2c/updmap.cfg)
  koEmbed replacement string       : baekmuk (/home/maeve/.local/texlive/2023/texmf-dist/web2c/updmap.cfg)
  create a mapfile for pxdvi       : false (default)

Scanning for LW35 support files  [  3 files]
Scanning for MixedMap entries    [ 18 files]
Scanning for KanjiMap entries    [  0 files]
Scanning for Map entries         [ 29 files]

Generating output for dvipdfmx...
Generating output for ps2pk...
Generating output for dvips...
Generating output for pdftex...

Files generated:
  /home/maeve/.local/texlive/2023/texmf-var/fonts/map/dvips/updmap:
       15812 2023-09-22 04:25:54 builtin35.map
       21285 2023-09-22 04:25:54 download35.map
      119018 2023-09-22 04:25:54 psfonts_pk.map
      323185 2023-09-22 04:25:54 psfonts_t1.map
      323180 2023-09-22 04:25:54 ps2pk.map
          14 2023-09-22 04:25:54 psfonts.map -> psfonts_t1.map
  /home/maeve/.local/texlive/2023/texmf-var/fonts/map/pdftex/updmap:
      323187 2023-09-22 04:25:54 pdftex_dl14.map
      321522 2023-09-22 04:25:54 pdftex_ndl14.map
          15 2023-09-22 04:25:54 pdftex.map -> pdftex_dl14.map
  /home/maeve/.local/texlive/2023/texmf-var/fonts/map/dvipdfmx/updmap:
         335 2023-09-22 04:25:54 kanjix.map

Transcript written on: /home/maeve/.local/texlive/2023/texmf-var/web2c/updmap.log
re-running mktexlsr /home/maeve/.local/texlive/2023/texmf-var /home/maeve/.local/texlive/2023/texmf-config ...
pre-generating all format files, be patient...
running fmtutil-sys --no-error-if-no-engine=luametatex,luajithbtex,luajittex,mfluajit --no-strict --all ...done
fmtutil: fmtutil is using the following fmtutil.cnf files (in precedence order):
fmtutil:   /home/maeve/.local/texlive/2023/texmf-dist/web2c/fmtutil.cnf
fmtutil: fmtutil is using the following fmtutil.cnf file for writing changes:
fmtutil:   /home/maeve/.local/texlive/2023/texmf-config/web2c/fmtutil.cnf
fmtutil [INFO]: writing formats under /home/maeve/.local/texlive/2023/texmf-var/web2c
fmtutil [INFO]: --- remaking luatex with luatex
fmtutil: running `luatex -ini   -jobname=luatex -progname=luatex luatex.ini' ...
This is LuaTeX, Version 1.17.0 (TeX Live 2023)  (INITEX)
 restricted system commands enabled.

(/home/maeve/.local/texlive/2023/texmf-dist/tex/generic/tex-ini-files/luatex.in
i
(/home/maeve/.local/texlive/2023/texmf-dist/tex/generic/tex-ini-files/luatexcon
fig.tex
(/home/maeve/.local/texlive/2023/texmf-dist/tex/generic/tex-ini-files/pdftexcon
fig.tex))
(/home/maeve/.local/texlive/2023/texmf-dist/tex/generic/config/luatexiniconfig.
tex)
(/home/maeve/.local/texlive/2023/texmf-dist/tex/generic/unicode-data/load-unico
de-data.tex 
load-unicode-data.tex v1.17 (2023-09-18)
Reading Unicode data
# UnicodeData-15.1.0.txt
# Modified 2023-09-18 08:45:00 GMT [JAW]
) (/home/maeve/.local/texlive/2023/texmf-dist/tex/luatex/hyph-utf8/etex.src
(/home/maeve/.local/texlive/2023/texmf-dist/tex/plain/base/plain.tex
Preloading the plain format: codes, registers, parameters, fonts, more fonts,
macros, math definitions, output routines, hyphenation
(/home/maeve/.local/texlive/2023/texmf-dist/tex/generic/hyphen/hyphen.tex
[skipping from \patterns to end-of-file...]))
(/home/maeve/.local/texlive/2023/texmf-dist/tex/plain/etex/etexdefs.lib
Skipping module "grouptypes"; Loading module "interactionmodes";
Skipping module "nodetypes"; Skipping module "iftypes";)
(/home/maeve/.local/texlive/2023/texmf-var/tex/generic/config/language.def
(/home/maeve/.local/texlive/2023/texmf-dist/tex/generic/hyphen/hyphen.tex))
Augmenting the Plain TeX definitions: \tracingall;
Adding new e-TeX definitions: \eTeX, \loggingall, \tracingnone,
register allocation; extended register allocation; 
Recycling: \addlanguage, \@nswer (not defined), \@sk, \b@dresponsetrue,
\b@dresponsefalse, \ch@ckforyn, \mayber@cycle, \et@xabort, \et@xbuf,
\et@xfmtsrc, \et@xfilehdr, \et@xinf, \et@xpatterns, \l@ngdefnfile, \n@xt,
\p@rse (not defined), \pr@mpt (not defined), \pr@mptloop (not defined),
\forcer@cycle, \usef@llback, \usef@llbacktrue, \usef@llbackfalse, 
Retaining: \et@xerr, \et@xinput, \et@xlibhdr, \et@xmsg, \et@xtoks, \et@xwarn,
\et@xl@@d, \et@xl@ad, \et@xload, \et@xlang, \et@xhash, \eTeX, \etexhdrchk,
\etexstatus, \module, \uselanguage, \r@tain, \r@cycle,))
Beginning to dump on file luatex.fmt
 (format=luatex 2023.9.22)
3401 strings using 10457 bytes
68809 memory locations dumped; current usage is 149&7733
1895 multiletter control sequences
\font\nullfont=nullfont
\font\tenrm=cmr10
\font\preloaded=cmr9
\font\preloaded=cmr8
\font\sevenrm=cmr7
\font\preloaded=cmr6
\font\fiverm=cmr5
\font\teni=cmmi10
\font\preloaded=cmmi9
\font\preloaded=cmmi8
\font\seveni=cmmi7
\font\preloaded=cmmi6
\font\fivei=cmmi5
\font\tensy=cmsy10
\font\preloaded=cmsy9
\font\preloaded=cmsy8
\font\sevensy=cmsy7
\font\preloaded=cmsy6
\font\fivesy=cmsy5
\font\tenex=cmex10
\font\preloaded=cmss10
\font\preloaded=cmssq8
\font\preloaded=cmssi10
\font\preloaded=cmssqi8
\font\tenbf=cmbx10
\font\preloaded=cmbx9
\font\preloaded=cmbx8
\font\sevenbf=cmbx7
\font\preloaded=cmbx6
\font\fivebf=cmbx5
\font\tentt=cmtt10
\font\preloaded=cmtt9
\font\preloaded=cmtt8
\font\preloaded=cmsltt10
\font\tensl=cmsl10
\font\preloaded=cmsl9
\font\preloaded=cmsl8
\font\tenit=cmti10
\font\preloaded=cmti9
\font\preloaded=cmti8
\font\preloaded=cmti7
\font\preloaded=cmu10
\font\preloaded=cmmib10
\font\preloaded=cmbsy10
\font\preloaded=cmcsc10
\font\preloaded=cmssbx10
\font\preloaded=cmdunh10
\font\preloaded=cmr7 at 14.51799pt
\font\preloaded=cmtt10 at 14.4pt
\font\preloaded=cmssbx10 at 14.4pt
\font\preloaded=manfnt
50 preloaded fonts
warning  (pdf backend): no pages of output.
Transcript written on luatex.log.
fmtutil [INFO]: log file copied to: /home/maeve/.local/texlive/2023/texmf-var/web2c/luatex/luatex.log
fmtutil [INFO]: /home/maeve/.local/texlive/2023/texmf-var/web2c/luatex/luatex.fmt installed.
fmtutil [INFO]: --- remaking tex with tex
fmtutil: running `tex -ini   -jobname=tex -progname=tex tex.ini' ...
This is TeX, Version 3.141592653 (TeX Live 2023) (INITEX)
(/home/maeve/.local/texlive/2023/texmf-dist/tex/plain/config/tex.ini
(/home/maeve/.local/texlive/2023/texmf-dist/tex/plain/base/plain.tex
Preloading the plain format: codes, registers, parameters, fonts, more fonts,
macros, math definitions, output routines, hyphenation
(/home/maeve/.local/texlive/2023/texmf-dist/tex/generic/hyphen/hyphen.tex)) )
Beginning to dump on file tex.fmt
 (preloaded format=tex 2023.9.22)
2028 strings of total length 29452
4991 memory locations dumped; current usage is 110&4878
926 multiletter control sequences
\font\nullfont=nullfont
\font\tenrm=cmr10
\font\preloaded=cmr9
\font\preloaded=cmr8
\font\sevenrm=cmr7
\font\preloaded=cmr6
\font\fiverm=cmr5
\font\teni=cmmi10
\font\preloaded=cmmi9
\font\preloaded=cmmi8
\font\seveni=cmmi7
\font\preloaded=cmmi6
\font\fivei=cmmi5
\font\tensy=cmsy10
\font\preloaded=cmsy9
\font\preloaded=cmsy8
\font\sevensy=cmsy7
\font\preloaded=cmsy6
\font\fivesy=cmsy5
\font\tenex=cmex10
\font\preloaded=cmss10
\font\preloaded=cmssq8
\font\preloaded=cmssi10
\font\preloaded=cmssqi8
\font\tenbf=cmbx10
\font\preloaded=cmbx9
\font\preloaded=cmbx8
\font\sevenbf=cmbx7
\font\preloaded=cmbx6
\font\fivebf=cmbx5
\font\tentt=cmtt10
\font\preloaded=cmtt9
\font\preloaded=cmtt8
\font\preloaded=cmsltt10
\font\tensl=cmsl10
\font\preloaded=cmsl9
\font\preloaded=cmsl8
\font\tenit=cmti10
\font\preloaded=cmti9
\font\preloaded=cmti8
\font\preloaded=cmti7
\font\preloaded=cmu10
\font\preloaded=cmmib10
\font\preloaded=cmbsy10
\font\preloaded=cmcsc10
\font\preloaded=cmssbx10
\font\preloaded=cmdunh10
\font\preloaded=cmr7 at 14.51799pt
\font\preloaded=cmtt10 at 14.4pt
\font\preloaded=cmssbx10 at 14.4pt
\font\preloaded=manfnt
14787 words of font info for 50 preloaded fonts
14 hyphenation exceptions
Hyphenation trie of length 6075 has 181 ops out of 35111
  181 for language 0
No pages of output.
Transcript written on tex.log.
fmtutil [INFO]: log file copied to: /home/maeve/.local/texlive/2023/texmf-var/web2c/tex/tex.log
fmtutil [INFO]: /home/maeve/.local/texlive/2023/texmf-var/web2c/tex/tex.fmt installed.
fmtutil [INFO]: --- remaking luahbtex with luahbtex
fmtutil: running `luahbtex -ini   -jobname=luahbtex -progname=luahbtex luatex.ini' ...
This is LuaHBTeX, Version 1.17.0 (TeX Live 2023)  (INITEX)
 restricted system commands enabled.

(/home/maeve/.local/texlive/2023/texmf-dist/tex/generic/tex-ini-files/luatex.in
i
(/home/maeve/.local/texlive/2023/texmf-dist/tex/generic/tex-ini-files/luatexcon
fig.tex
(/home/maeve/.local/texlive/2023/texmf-dist/tex/generic/tex-ini-files/pdftexcon
fig.tex))
(/home/maeve/.local/texlive/2023/texmf-dist/tex/generic/config/luatexiniconfig.
tex)
(/home/maeve/.local/texlive/2023/texmf-dist/tex/generic/unicode-data/load-unico
de-data.tex 
load-unicode-data.tex v1.17 (2023-09-18)
Reading Unicode data
# UnicodeData-15.1.0.txt
# Modified 2023-09-18 08:45:00 GMT [JAW]
) (/home/maeve/.local/texlive/2023/texmf-dist/tex/luatex/hyph-utf8/etex.src
(/home/maeve/.local/texlive/2023/texmf-dist/tex/plain/base/plain.tex
Preloading the plain format: codes, registers, parameters, fonts, more fonts,
macros, math definitions, output routines, hyphenation
(/home/maeve/.local/texlive/2023/texmf-dist/tex/generic/hyphen/hyphen.tex
[skipping from \patterns to end-of-file...]))
(/home/maeve/.local/texlive/2023/texmf-dist/tex/plain/etex/etexdefs.lib
Skipping module "grouptypes"; Loading module "interactionmodes";
Skipping module "nodetypes"; Skipping module "iftypes";)
(/home/maeve/.local/texlive/2023/texmf-var/tex/generic/config/language.def
(/home/maeve/.local/texlive/2023/texmf-dist/tex/generic/hyphen/hyphen.tex))
Augmenting the Plain TeX definitions: \tracingall;
Adding new e-TeX definitions: \eTeX, \loggingall, \tracingnone,
register allocation; extended register allocation; 
Recycling: \addlanguage, \@nswer (not defined), \@sk, \b@dresponsetrue,
\b@dresponsefalse, \ch@ckforyn, \mayber@cycle, \et@xabort, \et@xbuf,
\et@xfmtsrc, \et@xfilehdr, \et@xinf, \et@xpatterns, \l@ngdefnfile, \n@xt,
\p@rse (not defined), \pr@mpt (not defined), \pr@mptloop (not defined),
\forcer@cycle, \usef@llback, \usef@llbacktrue, \usef@llbackfalse, 
Retaining: \et@xerr, \et@xinput, \et@xlibhdr, \et@xmsg, \et@xtoks, \et@xwarn,
\et@xl@@d, \et@xl@ad, \et@xload, \et@xlang, \et@xhash, \eTeX, \etexhdrchk,
\etexstatus, \module, \uselanguage, \r@tain, \r@cycle,))
Beginning to dump on file luahbtex.fmt
 (format=luahbtex 2023.9.22)
3401 strings using 10461 bytes
68809 memory locations dumped; current usage is 149&7733
1895 multiletter control sequences
\font\nullfont=nullfont
\font\tenrm=cmr10
\font\preloaded=cmr9
\font\preloaded=cmr8
\font\sevenrm=cmr7
\font\preloaded=cmr6
\font\fiverm=cmr5
\font\teni=cmmi10
\font\preloaded=cmmi9
\font\preloaded=cmmi8
\font\seveni=cmmi7
\font\preloaded=cmmi6
\font\fivei=cmmi5
\font\tensy=cmsy10
\font\preloaded=cmsy9
\font\preloaded=cmsy8
\font\sevensy=cmsy7
\font\preloaded=cmsy6
\font\fivesy=cmsy5
\font\tenex=cmex10
\font\preloaded=cmss10
\font\preloaded=cmssq8
\font\preloaded=cmssi10
\font\preloaded=cmssqi8
\font\tenbf=cmbx10
\font\preloaded=cmbx9
\font\preloaded=cmbx8
\font\sevenbf=cmbx7
\font\preloaded=cmbx6
\font\fivebf=cmbx5
\font\tentt=cmtt10
\font\preloaded=cmtt9
\font\preloaded=cmtt8
\font\preloaded=cmsltt10
\font\tensl=cmsl10
\font\preloaded=cmsl9
\font\preloaded=cmsl8
\font\tenit=cmti10
\font\preloaded=cmti9
\font\preloaded=cmti8
\font\preloaded=cmti7
\font\preloaded=cmu10
\font\preloaded=cmmib10
\font\preloaded=cmbsy10
\font\preloaded=cmcsc10
\font\preloaded=cmssbx10
\font\preloaded=cmdunh10
\font\preloaded=cmr7 at 14.51799pt
\font\preloaded=cmtt10 at 14.4pt
\font\preloaded=cmssbx10 at 14.4pt
\font\preloaded=manfnt
50 preloaded fonts
warning  (pdf backend): no pages of output.
Transcript written on luahbtex.log.
fmtutil [INFO]: log file copied to: /home/maeve/.local/texlive/2023/texmf-var/web2c/luahbtex/luahbtex.log
fmtutil [INFO]: /home/maeve/.local/texlive/2023/texmf-var/web2c/luahbtex/luahbtex.fmt installed.
fmtutil [INFO]: --- remaking pdftex with pdftex
fmtutil: running `pdftex -ini   -jobname=pdftex -progname=pdftex -translate-file=cp227.tcx *pdfetex.ini' ...
This is pdfTeX, Version 3.141592653-2.6-1.40.25 (TeX Live 2023) (INITEX)
 restricted \write18 enabled.
 (/home/maeve/.local/texlive/2023/texmf-dist/web2c/cp227.tcx)
entering extended mode
(/home/maeve/.local/texlive/2023/texmf-dist/tex/plain/config/pdfetex.ini
(/home/maeve/.local/texlive/2023/texmf-dist/tex/generic/tex-ini-files/pdftexcon
fig.tex) (/home/maeve/.local/texlive/2023/texmf-dist/tex/plain/etex/etex.src
(/home/maeve/.local/texlive/2023/texmf-dist/tex/plain/base/plain.tex
Preloading the plain format: codes, registers, parameters, fonts, more fonts,
macros, math definitions, output routines, hyphenation
(/home/maeve/.local/texlive/2023/texmf-dist/tex/generic/hyphen/hyphen.tex
[skipping from \patterns to end-of-file...]))
(/home/maeve/.local/texlive/2023/texmf-dist/tex/plain/etex/etexdefs.lib
Skipping module "grouptypes"; Loading module "interactionmodes";
Skipping module "nodetypes"; Skipping module "iftypes";)
(/home/maeve/.local/texlive/2023/texmf-var/tex/generic/config/language.def
(/home/maeve/.local/texlive/2023/texmf-dist/tex/generic/hyphen/hyphen.tex)
(/home/maeve/.local/texlive/2023/texmf-dist/tex/generic/hyph-utf8/loadhyph/load
hyph-en-gb.tex ASCII Hyphenation patterns for British English
(/home/maeve/.local/texlive/2023/texmf-dist/tex/generic/hyph-utf8/patterns/tex/
hyph-en-gb.tex))
(/home/maeve/.local/texlive/2023/texmf-dist/tex/generic/hyph-utf8/loadhyph/load
hyph-en-gb.tex ASCII Hyphenation patterns for British English
(/home/maeve/.local/texlive/2023/texmf-dist/tex/generic/hyph-utf8/patterns/tex/
hyph-en-gb.tex))
(/home/maeve/.local/texlive/2023/texmf-dist/tex/generic/hyph-utf8/loadhyph/load
hyph-en-gb.tex ASCII Hyphenation patterns for British English
(/home/maeve/.local/texlive/2023/texmf-dist/tex/generic/hyph-utf8/patterns/tex/
hyph-en-gb.tex))
(/home/maeve/.local/texlive/2023/texmf-dist/tex/generic/hyph-utf8/loadhyph/load
hyph-en-us.tex ASCII Hyphenation patterns for American English
(/home/maeve/.local/texlive/2023/texmf-dist/tex/generic/hyph-utf8/patterns/tex/
hyph-en-us.tex))) Augmenting the Plain TeX definitions: \tracingall;
Adding new e-TeX definitions: \eTeX, \loggingall, \tracingnone,
register allocation; extended register allocation; 
Recycling: \addlanguage, \@nswer (not defined), \@sk, \b@dresponsetrue,
\b@dresponsefalse, \ch@ckforyn, \mayber@cycle, \et@xabort, \et@xbuf,
\et@xfmtsrc, \et@xfilehdr, \et@xinf, \et@xpatterns, \l@ngdefnfile, \n@xt,
\p@rse (not defined), \pr@mpt (not defined), \pr@mptloop (not defined),
\forcer@cycle, \usef@llback, \usef@llbacktrue, \usef@llbackfalse, 
Retaining: \et@xerr, \et@xinput, \et@xlibhdr, \et@xmsg, \et@xtoks, \et@xwarn,
\et@xl@@d, \et@xl@ad, \et@xload, \et@xlang, \et@xhash, \eTeX, \etexhdrchk,
\etexstatus, \module, \uselanguage, \r@tain, \r@cycle,)
(/home/maeve/.local/texlive/2023/texmf-dist/tex/plain/config/pdftexmagfix.tex) 
)
Beginning to dump on file pdftex.fmt
 (preloaded format=pdftex 2023.9.22)
2997 strings of total length 46240
8069 memory locations dumped; current usage is 203&7430
1287 multiletter control sequences
\font\nullfont=nullfont
\font\tenrm=cmr10
\font\preloaded=cmr9
\font\preloaded=cmr8
\font\sevenrm=cmr7
\font\preloaded=cmr6
\font\fiverm=cmr5
\font\teni=cmmi10
\font\preloaded=cmmi9
\font\preloaded=cmmi8
\font\seveni=cmmi7
\font\preloaded=cmmi6
\font\fivei=cmmi5
\font\tensy=cmsy10
\font\preloaded=cmsy9
\font\preloaded=cmsy8
\font\sevensy=cmsy7
\font\preloaded=cmsy6
\font\fivesy=cmsy5
\font\tenex=cmex10
\font\preloaded=cmss10
\font\preloaded=cmssq8
\font\preloaded=cmssi10
\font\preloaded=cmssqi8
\font\tenbf=cmbx10
\font\preloaded=cmbx9
\font\preloaded=cmbx8
\font\sevenbf=cmbx7
\font\preloaded=cmbx6
\font\fivebf=cmbx5
\font\tentt=cmtt10
\font\preloaded=cmtt9
\font\preloaded=cmtt8
\font\preloaded=cmsltt10
\font\tensl=cmsl10
\font\preloaded=cmsl9
\font\preloaded=cmsl8
\font\tenit=cmti10
\font\preloaded=cmti9
\font\preloaded=cmti8
\font\preloaded=cmti7
\font\preloaded=cmu10
\font\preloaded=cmmib10
\font\preloaded=cmbsy10
\font\preloaded=cmcsc10
\font\preloaded=cmssbx10
\font\preloaded=cmdunh10
\font\preloaded=cmr7 at 14.51799pt
\font\preloaded=cmtt10 at 14.4pt
\font\preloaded=cmssbx10 at 14.4pt
\font\preloaded=manfnt
14787 words of font info for 50 preloaded fonts
52 hyphenation exceptions
Hyphenation trie of length 20391 has 1230 ops out of 35111
  377 for language 4
  224 for language 3
  224 for language 2
  224 for language 1
  181 for language 0
0 words of pdfTeX memory
0 indirect objects
No pages of output.
Transcript written on pdftex.log.
fmtutil [INFO]: log file copied to: /home/maeve/.local/texlive/2023/texmf-var/web2c/pdftex/pdftex.log
fmtutil [INFO]: /home/maeve/.local/texlive/2023/texmf-var/web2c/pdftex/pdftex.fmt installed.
fmtutil [INFO]: --- remaking pdfetex with pdftex
fmtutil: running `pdftex -ini   -jobname=pdfetex -progname=pdfetex -translate-file=cp227.tcx *pdfetex.ini' ...
This is pdfTeX, Version 3.141592653-2.6-1.40.25 (TeX Live 2023) (INITEX)
 restricted \write18 enabled.
 (/home/maeve/.local/texlive/2023/texmf-dist/web2c/cp227.tcx)
entering extended mode
(/home/maeve/.local/texlive/2023/texmf-dist/tex/plain/config/pdfetex.ini
(/home/maeve/.local/texlive/2023/texmf-dist/tex/generic/tex-ini-files/pdftexcon
fig.tex) (/home/maeve/.local/texlive/2023/texmf-dist/tex/plain/etex/etex.src
(/home/maeve/.local/texlive/2023/texmf-dist/tex/plain/base/plain.tex
Preloading the plain format: codes, registers, parameters, fonts, more fonts,
macros, math definitions, output routines, hyphenation
(/home/maeve/.local/texlive/2023/texmf-dist/tex/generic/hyphen/hyphen.tex
[skipping from \patterns to end-of-file...]))
(/home/maeve/.local/texlive/2023/texmf-dist/tex/plain/etex/etexdefs.lib
Skipping module "grouptypes"; Loading module "interactionmodes";
Skipping module "nodetypes"; Skipping module "iftypes";)
(/home/maeve/.local/texlive/2023/texmf-var/tex/generic/config/language.def
(/home/maeve/.local/texlive/2023/texmf-dist/tex/generic/hyphen/hyphen.tex)
(/home/maeve/.local/texlive/2023/texmf-dist/tex/generic/hyph-utf8/loadhyph/load
hyph-en-gb.tex ASCII Hyphenation patterns for British English
(/home/maeve/.local/texlive/2023/texmf-dist/tex/generic/hyph-utf8/patterns/tex/
hyph-en-gb.tex))
(/home/maeve/.local/texlive/2023/texmf-dist/tex/generic/hyph-utf8/loadhyph/load
hyph-en-gb.tex ASCII Hyphenation patterns for British English
(/home/maeve/.local/texlive/2023/texmf-dist/tex/generic/hyph-utf8/patterns/tex/
hyph-en-gb.tex))
(/home/maeve/.local/texlive/2023/texmf-dist/tex/generic/hyph-utf8/loadhyph/load
hyph-en-gb.tex ASCII Hyphenation patterns for British English
(/home/maeve/.local/texlive/2023/texmf-dist/tex/generic/hyph-utf8/patterns/tex/
hyph-en-gb.tex))
(/home/maeve/.local/texlive/2023/texmf-dist/tex/generic/hyph-utf8/loadhyph/load
hyph-en-us.tex ASCII Hyphenation patterns for American English
(/home/maeve/.local/texlive/2023/texmf-dist/tex/generic/hyph-utf8/patterns/tex/
hyph-en-us.tex))) Augmenting the Plain TeX definitions: \tracingall;
Adding new e-TeX definitions: \eTeX, \loggingall, \tracingnone,
register allocation; extended register allocation; 
Recycling: \addlanguage, \@nswer (not defined), \@sk, \b@dresponsetrue,
\b@dresponsefalse, \ch@ckforyn, \mayber@cycle, \et@xabort, \et@xbuf,
\et@xfmtsrc, \et@xfilehdr, \et@xinf, \et@xpatterns, \l@ngdefnfile, \n@xt,
\p@rse (not defined), \pr@mpt (not defined), \pr@mptloop (not defined),
\forcer@cycle, \usef@llback, \usef@llbacktrue, \usef@llbackfalse, 
Retaining: \et@xerr, \et@xinput, \et@xlibhdr, \et@xmsg, \et@xtoks, \et@xwarn,
\et@xl@@d, \et@xl@ad, \et@xload, \et@xlang, \et@xhash, \eTeX, \etexhdrchk,
\etexstatus, \module, \uselanguage, \r@tain, \r@cycle,)
(/home/maeve/.local/texlive/2023/texmf-dist/tex/plain/config/pdftexmagfix.tex) 
)
Beginning to dump on file pdfetex.fmt
 (preloaded format=pdfetex 2023.9.22)
2997 strings of total length 46243
8069 memory locations dumped; current usage is 203&7430
1287 multiletter control sequences
\font\nullfont=nullfont
\font\tenrm=cmr10
\font\preloaded=cmr9
\font\preloaded=cmr8
\font\sevenrm=cmr7
\font\preloaded=cmr6
\font\fiverm=cmr5
\font\teni=cmmi10
\font\preloaded=cmmi9
\font\preloaded=cmmi8
\font\seveni=cmmi7
\font\preloaded=cmmi6
\font\fivei=cmmi5
\font\tensy=cmsy10
\font\preloaded=cmsy9
\font\preloaded=cmsy8
\font\sevensy=cmsy7
\font\preloaded=cmsy6
\font\fivesy=cmsy5
\font\tenex=cmex10
\font\preloaded=cmss10
\font\preloaded=cmssq8
\font\preloaded=cmssi10
\font\preloaded=cmssqi8
\font\tenbf=cmbx10
\font\preloaded=cmbx9
\font\preloaded=cmbx8
\font\sevenbf=cmbx7
\font\preloaded=cmbx6
\font\fivebf=cmbx5
\font\tentt=cmtt10
\font\preloaded=cmtt9
\font\preloaded=cmtt8
\font\preloaded=cmsltt10
\font\tensl=cmsl10
\font\preloaded=cmsl9
\font\preloaded=cmsl8
\font\tenit=cmti10
\font\preloaded=cmti9
\font\preloaded=cmti8
\font\preloaded=cmti7
\font\preloaded=cmu10
\font\preloaded=cmmib10
\font\preloaded=cmbsy10
\font\preloaded=cmcsc10
\font\preloaded=cmssbx10
\font\preloaded=cmdunh10
\font\preloaded=cmr7 at 14.51799pt
\font\preloaded=cmtt10 at 14.4pt
\font\preloaded=cmssbx10 at 14.4pt
\font\preloaded=manfnt
14787 words of font info for 50 preloaded fonts
52 hyphenation exceptions
Hyphenation trie of length 20391 has 1230 ops out of 35111
  377 for language 4
  224 for language 3
  224 for language 2
  224 for language 1
  181 for language 0
0 words of pdfTeX memory
0 indirect objects
No pages of output.
Transcript written on pdfetex.log.
fmtutil [INFO]: log file copied to: /home/maeve/.local/texlive/2023/texmf-var/web2c/pdftex/pdfetex.log
fmtutil [INFO]: /home/maeve/.local/texlive/2023/texmf-var/web2c/pdftex/pdfetex.fmt installed.
fmtutil [INFO]: --- remaking latex with pdftex
fmtutil: running `pdftex -ini   -jobname=latex -progname=latex -translate-file=cp227.tcx *latex.ini' ...
This is pdfTeX, Version 3.141592653-2.6-1.40.25 (TeX Live 2023) (INITEX)
 restricted \write18 enabled.
 (/home/maeve/.local/texlive/2023/texmf-dist/web2c/cp227.tcx)
entering extended mode
(/home/maeve/.local/texlive/2023/texmf-dist/tex/latex/latexconfig/latex.ini
(/home/maeve/.local/texlive/2023/texmf-dist/tex/generic/tex-ini-files/pdftexcon
fig.tex)
(/home/maeve/.local/texlive/2023/texmf-dist/tex/latex/base/latex.ltx
(/home/maeve/.local/texlive/2023/texmf-dist/tex/latex/base/texsys.cfg)
./texsys.aux found


\@currdir set to: ./.


Assuming \openin and \input 
have the same search path.


Defining UNIX/DOS style filename parser.

catcodes, registers, parameters,
LaTeX2e <2023-06-01> patch level 1
(/home/maeve/.local/texlive/2023/texmf-dist/tex/latex/l3kernel/expl3.ltx
(/home/maeve/.local/texlive/2023/texmf-dist/tex/latex/l3kernel/expl3-code.tex))
 hacks, document commands, control, par, spacing, files, font encodings,
lengths,
====================================

Local config file fonttext.cfg used

====================================
(/home/maeve/.local/texlive/2023/texmf-dist/tex/latex/base/fonttext.cfg
(/home/maeve/.local/texlive/2023/texmf-dist/tex/latex/base/fonttext.ltx
=== Don't modify this file, use a .cfg file instead ===

(/home/maeve/.local/texlive/2023/texmf-dist/tex/latex/base/omlenc.def)
(/home/maeve/.local/texlive/2023/texmf-dist/tex/latex/base/omsenc.def)
(/home/maeve/.local/texlive/2023/texmf-dist/tex/latex/base/ot1enc.def)
(/home/maeve/.local/texlive/2023/texmf-dist/tex/latex/base/t1enc.def)
(/home/maeve/.local/texlive/2023/texmf-dist/tex/latex/base/ts1enc.def)
(/home/maeve/.local/texlive/2023/texmf-dist/tex/latex/base/ts1cmr.fd)
(/home/maeve/.local/texlive/2023/texmf-dist/tex/latex/base/t1cmr.fd)
(/home/maeve/.local/texlive/2023/texmf-dist/tex/latex/base/ot1cmr.fd)
(/home/maeve/.local/texlive/2023/texmf-dist/tex/latex/base/ot1cmss.fd)
(/home/maeve/.local/texlive/2023/texmf-dist/tex/latex/base/ot1cmtt.fd)))
====================================

Local config file fontmath.cfg used

====================================
(/home/maeve/.local/texlive/2023/texmf-dist/tex/latex/base/fontmath.cfg
(/home/maeve/.local/texlive/2023/texmf-dist/tex/latex/base/fontmath.ltx
=== Don't modify this file, use a .cfg file instead ===

(/home/maeve/.local/texlive/2023/texmf-dist/tex/latex/base/omlcmm.fd)
(/home/maeve/.local/texlive/2023/texmf-dist/tex/latex/base/omscmsy.fd)
(/home/maeve/.local/texlive/2023/texmf-dist/tex/latex/base/omxcmex.fd)
(/home/maeve/.local/texlive/2023/texmf-dist/tex/latex/base/ucmr.fd)))
====================================

Local config file preload.cfg used

=====================================
(/home/maeve/.local/texlive/2023/texmf-dist/tex/latex/base/preload.cfg
(/home/maeve/.local/texlive/2023/texmf-dist/tex/latex/base/preload.ltx))
page nos., x-ref, environments, center, verbatim, math definitions, boxes,
title, sectioning, contents, floats, footnotes, index, bibliography, output,
===========================================
Local configuration file hyphen.cfg used
===========================================
(/home/maeve/.local/texlive/2023/texmf-dist/tex/generic/babel/hyphen.cfg
(/home/maeve/.local/texlive/2023/texmf-dist/tex/generic/hyphen/hyphen.tex)
(/home/maeve/.local/texlive/2023/texmf-dist/tex/generic/hyphen/dumyhyph.tex)
(/home/maeve/.local/texlive/2023/texmf-dist/tex/generic/hyphen/zerohyph.tex)
(/home/maeve/.local/texlive/2023/texmf-dist/tex/generic/hyphen/zerohyph.tex)
(/home/maeve/.local/texlive/2023/texmf-dist/tex/generic/hyphen/zerohyph.tex)
(/home/maeve/.local/texlive/2023/texmf-dist/tex/generic/hyph-utf8/loadhyph/load
hyph-en-gb.tex ASCII Hyphenation patterns for British English
(/home/maeve/.local/texlive/2023/texmf-dist/tex/generic/hyph-utf8/patterns/tex/
hyph-en-gb.tex))
(/home/maeve/.local/texlive/2023/texmf-dist/tex/generic/hyph-utf8/loadhyph/load
hyph-en-us.tex ASCII Hyphenation patterns for American English
(/home/maeve/.local/texlive/2023/texmf-dist/tex/generic/hyph-utf8/patterns/tex/
hyph-en-us.tex)))
(/home/maeve/.local/texlive/2023/texmf-dist/tex/generic/pdftex/glyphtounicode.t
ex) (/home/maeve/.local/texlive/2023/texmf-dist/tex/latex/base/utf8.def
(/home/maeve/.local/texlive/2023/texmf-dist/tex/latex/base/omsenc.dfu)
(/home/maeve/.local/texlive/2023/texmf-dist/tex/latex/base/ot1enc.dfu)
(/home/maeve/.local/texlive/2023/texmf-dist/tex/latex/base/t1enc.dfu)
(/home/maeve/.local/texlive/2023/texmf-dist/tex/latex/base/ts1enc.dfu))
(/home/maeve/.local/texlive/2023/texmf-dist/tex/latex/firstaid/latex2e-first-ai
d-for-external-files.ltx)
 ) )
Beginning to dump on file latex.fmt
 (preloaded format=latex 2023.9.22)
23154 strings of total length 443453
1916974 memory locations dumped; current usage is 204&354831
21407 multiletter control sequences
\font\nullfont=nullfont
\font\c__fp_exp_intarray=cmr10 at 0.00002pt
\font\c__fp_trig_intarray=cmr10 at 0.00003pt
\font\c_initex_cctab=cmr10 at 0.00005pt
\font\c_other_cctab=cmr10 at 0.00006pt
\font\c_str_cctab=cmr10 at 0.00008pt
\font\g_tmpa_cctab=cmr10 at 0.00009pt
\font\g_tmpb_cctab=cmr10 at 0.0001pt
\font\g__regex_state_active_intarray=cmr10 at 0.00012pt
\font\g__regex_thread_info_intarray=cmr10 at 0.00014pt
\font\g__regex_submatch_prev_intarray=cmr10 at 0.00015pt
\font\g__regex_submatch_begin_intarray=cmr10 at 0.00017pt
\font\g__regex_submatch_end_intarray=cmr10 at 0.00018pt
\font\g__regex_submatch_case_intarray=cmr10 at 0.0002pt
\font\g__regex_balance_intarray=cmr10 at 0.00021pt
\font\g__codepoint_category_index_intarray=cmr10 at 0.00023pt
\font\g__codepoint_uppercase_index_intarray=cmr10 at 0.00024pt
\font\g__codepoint_lowercase_index_intarray=cmr10 at 0.00026pt
\font\g__codepoint_category_blocks_intarray=cmr10 at 0.00027pt
\font\g__codepoint_uppercase_blocks_intarray=cmr10 at 0.00029pt
\font\g__codepoint_lowercase_blocks_intarray=cmr10 at 0.0003pt
\font\OMX/cmex/m/n/10=cmex10
\font\tenln=line10
\font\tenlnw=linew10
\font\tencirc=lcircle10
\font\tencircw=lcirclew10
\font\OT1/cmr/m/n/5=cmr5
\font\OT1/cmr/m/n/7=cmr7
\font\OT1/cmr/m/n/10=cmr10
\font\OML/cmm/m/it/5=cmmi5
\font\OML/cmm/m/it/7=cmmi7
\font\OML/cmm/m/it/10=cmmi10
\font\OMS/cmsy/m/n/5=cmsy5
\font\OMS/cmsy/m/n/7=cmsy7
\font\OMS/cmsy/m/n/10=cmsy10
\font\c_code_cctab=cmr10 at 0.00032pt
\font\c_document_cctab=cmr10 at 0.00034pt
558062 words of font info for 36 preloaded fonts
36 hyphenation exceptions
Hyphenation trie of length 20390 has 784 ops out of 35111
  377 for language 6
  224 for language 5
  2 for language 1
  181 for language 0
0 words of pdfTeX memory
0 indirect objects
No pages of output.
Transcript written on latex.log.
fmtutil [INFO]: log file copied to: /home/maeve/.local/texlive/2023/texmf-var/web2c/pdftex/latex.log
fmtutil [INFO]: /home/maeve/.local/texlive/2023/texmf-var/web2c/pdftex/latex.fmt installed.
fmtutil [INFO]: --- remaking pdflatex with pdftex
fmtutil: running `pdftex -ini   -jobname=pdflatex -progname=pdflatex -translate-file=cp227.tcx *pdflatex.ini' ...
This is pdfTeX, Version 3.141592653-2.6-1.40.25 (TeX Live 2023) (INITEX)
 restricted \write18 enabled.
 (/home/maeve/.local/texlive/2023/texmf-dist/web2c/cp227.tcx)
entering extended mode
(/home/maeve/.local/texlive/2023/texmf-dist/tex/latex/latexconfig/pdflatex.ini
(/home/maeve/.local/texlive/2023/texmf-dist/tex/generic/tex-ini-files/pdftexcon
fig.tex)
(/home/maeve/.local/texlive/2023/texmf-dist/tex/latex/base/latex.ltx
(/home/maeve/.local/texlive/2023/texmf-dist/tex/latex/base/texsys.cfg)
./texsys.aux found


\@currdir set to: ./.


Assuming \openin and \input 
have the same search path.


Defining UNIX/DOS style filename parser.

catcodes, registers, parameters,
LaTeX2e <2023-06-01> patch level 1
(/home/maeve/.local/texlive/2023/texmf-dist/tex/latex/l3kernel/expl3.ltx
(/home/maeve/.local/texlive/2023/texmf-dist/tex/latex/l3kernel/expl3-code.tex))
 hacks, document commands, control, par, spacing, files, font encodings,
lengths,
====================================

Local config file fonttext.cfg used

====================================
(/home/maeve/.local/texlive/2023/texmf-dist/tex/latex/base/fonttext.cfg
(/home/maeve/.local/texlive/2023/texmf-dist/tex/latex/base/fonttext.ltx
=== Don't modify this file, use a .cfg file instead ===

(/home/maeve/.local/texlive/2023/texmf-dist/tex/latex/base/omlenc.def)
(/home/maeve/.local/texlive/2023/texmf-dist/tex/latex/base/omsenc.def)
(/home/maeve/.local/texlive/2023/texmf-dist/tex/latex/base/ot1enc.def)
(/home/maeve/.local/texlive/2023/texmf-dist/tex/latex/base/t1enc.def)
(/home/maeve/.local/texlive/2023/texmf-dist/tex/latex/base/ts1enc.def)
(/home/maeve/.local/texlive/2023/texmf-dist/tex/latex/base/ts1cmr.fd)
(/home/maeve/.local/texlive/2023/texmf-dist/tex/latex/base/t1cmr.fd)
(/home/maeve/.local/texlive/2023/texmf-dist/tex/latex/base/ot1cmr.fd)
(/home/maeve/.local/texlive/2023/texmf-dist/tex/latex/base/ot1cmss.fd)
(/home/maeve/.local/texlive/2023/texmf-dist/tex/latex/base/ot1cmtt.fd)))
====================================

Local config file fontmath.cfg used

====================================
(/home/maeve/.local/texlive/2023/texmf-dist/tex/latex/base/fontmath.cfg
(/home/maeve/.local/texlive/2023/texmf-dist/tex/latex/base/fontmath.ltx
=== Don't modify this file, use a .cfg file instead ===

(/home/maeve/.local/texlive/2023/texmf-dist/tex/latex/base/omlcmm.fd)
(/home/maeve/.local/texlive/2023/texmf-dist/tex/latex/base/omscmsy.fd)
(/home/maeve/.local/texlive/2023/texmf-dist/tex/latex/base/omxcmex.fd)
(/home/maeve/.local/texlive/2023/texmf-dist/tex/latex/base/ucmr.fd)))
====================================

Local config file preload.cfg used

=====================================
(/home/maeve/.local/texlive/2023/texmf-dist/tex/latex/base/preload.cfg
(/home/maeve/.local/texlive/2023/texmf-dist/tex/latex/base/preload.ltx))
page nos., x-ref, environments, center, verbatim, math definitions, boxes,
title, sectioning, contents, floats, footnotes, index, bibliography, output,
===========================================
Local configuration file hyphen.cfg used
===========================================
(/home/maeve/.local/texlive/2023/texmf-dist/tex/generic/babel/hyphen.cfg
(/home/maeve/.local/texlive/2023/texmf-dist/tex/generic/hyphen/hyphen.tex)
(/home/maeve/.local/texlive/2023/texmf-dist/tex/generic/hyphen/dumyhyph.tex)
(/home/maeve/.local/texlive/2023/texmf-dist/tex/generic/hyphen/zerohyph.tex)
(/home/maeve/.local/texlive/2023/texmf-dist/tex/generic/hyphen/zerohyph.tex)
(/home/maeve/.local/texlive/2023/texmf-dist/tex/generic/hyphen/zerohyph.tex)
(/home/maeve/.local/texlive/2023/texmf-dist/tex/generic/hyph-utf8/loadhyph/load
hyph-en-gb.tex ASCII Hyphenation patterns for British English
(/home/maeve/.local/texlive/2023/texmf-dist/tex/generic/hyph-utf8/patterns/tex/
hyph-en-gb.tex))
(/home/maeve/.local/texlive/2023/texmf-dist/tex/generic/hyph-utf8/loadhyph/load
hyph-en-us.tex ASCII Hyphenation patterns for American English
(/home/maeve/.local/texlive/2023/texmf-dist/tex/generic/hyph-utf8/patterns/tex/
hyph-en-us.tex)))
(/home/maeve/.local/texlive/2023/texmf-dist/tex/generic/pdftex/glyphtounicode.t
ex) (/home/maeve/.local/texlive/2023/texmf-dist/tex/latex/base/utf8.def
(/home/maeve/.local/texlive/2023/texmf-dist/tex/latex/base/omsenc.dfu)
(/home/maeve/.local/texlive/2023/texmf-dist/tex/latex/base/ot1enc.dfu)
(/home/maeve/.local/texlive/2023/texmf-dist/tex/latex/base/t1enc.dfu)
(/home/maeve/.local/texlive/2023/texmf-dist/tex/latex/base/ts1enc.dfu))
(/home/maeve/.local/texlive/2023/texmf-dist/tex/latex/firstaid/latex2e-first-ai
d-for-external-files.ltx)
 ) )
Beginning to dump on file pdflatex.fmt
 (preloaded format=pdflatex 2023.9.22)
23155 strings of total length 443479
1916977 memory locations dumped; current usage is 204&354837
21407 multiletter control sequences
\font\nullfont=nullfont
\font\c__fp_exp_intarray=cmr10 at 0.00002pt
\font\c__fp_trig_intarray=cmr10 at 0.00003pt
\font\c_initex_cctab=cmr10 at 0.00005pt
\font\c_other_cctab=cmr10 at 0.00006pt
\font\c_str_cctab=cmr10 at 0.00008pt
\font\g_tmpa_cctab=cmr10 at 0.00009pt
\font\g_tmpb_cctab=cmr10 at 0.0001pt
\font\g__regex_state_active_intarray=cmr10 at 0.00012pt
\font\g__regex_thread_info_intarray=cmr10 at 0.00014pt
\font\g__regex_submatch_prev_intarray=cmr10 at 0.00015pt
\font\g__regex_submatch_begin_intarray=cmr10 at 0.00017pt
\font\g__regex_submatch_end_intarray=cmr10 at 0.00018pt
\font\g__regex_submatch_case_intarray=cmr10 at 0.0002pt
\font\g__regex_balance_intarray=cmr10 at 0.00021pt
\font\g__codepoint_category_index_intarray=cmr10 at 0.00023pt
\font\g__codepoint_uppercase_index_intarray=cmr10 at 0.00024pt
\font\g__codepoint_lowercase_index_intarray=cmr10 at 0.00026pt
\font\g__codepoint_category_blocks_intarray=cmr10 at 0.00027pt
\font\g__codepoint_uppercase_blocks_intarray=cmr10 at 0.00029pt
\font\g__codepoint_lowercase_blocks_intarray=cmr10 at 0.0003pt
\font\OMX/cmex/m/n/10=cmex10
\font\tenln=line10
\font\tenlnw=linew10
\font\tencirc=lcircle10
\font\tencircw=lcirclew10
\font\OT1/cmr/m/n/5=cmr5
\font\OT1/cmr/m/n/7=cmr7
\font\OT1/cmr/m/n/10=cmr10
\font\OML/cmm/m/it/5=cmmi5
\font\OML/cmm/m/it/7=cmmi7
\font\OML/cmm/m/it/10=cmmi10
\font\OMS/cmsy/m/n/5=cmsy5
\font\OMS/cmsy/m/n/7=cmsy7
\font\OMS/cmsy/m/n/10=cmsy10
\font\c_code_cctab=cmr10 at 0.00032pt
\font\c_document_cctab=cmr10 at 0.00034pt
558062 words of font info for 36 preloaded fonts
36 hyphenation exceptions
Hyphenation trie of length 20390 has 784 ops out of 35111
  377 for language 6
  224 for language 5
  2 for language 1
  181 for language 0
0 words of pdfTeX memory
0 indirect objects
No pages of output.
Transcript written on pdflatex.log.
fmtutil [INFO]: log file copied to: /home/maeve/.local/texlive/2023/texmf-var/web2c/pdftex/pdflatex.log
fmtutil [INFO]: /home/maeve/.local/texlive/2023/texmf-var/web2c/pdftex/pdflatex.fmt installed.
fmtutil [INFO]: --- remaking mf with mf-nowin
fmtutil: running `mf-nowin -ini   -jobname=mf -progname=mf -translate-file=cp227.tcx mf.ini' ...
This is METAFONT, Version 2.71828182 (TeX Live 2023) (INIMF)
(/home/maeve/.local/texlive/2023/texmf-dist/web2c/cp227.tcx)
(/home/maeve/.local/texlive/2023/texmf-dist/metafont/config/mf.ini
(/home/maeve/.local/texlive/2023/texmf-dist/metafont/base/plain.mf
Preloading the plain base, version 2.71: preliminaries,
 basic constants and mathematical macros,
 macros for converting from device-independent units to pixels,
 macros and tables for various modes of operation,
 macros for drawing and filling,
 macros for proof labels and rules,
 macros for character and font administration,
and a few last-minute items.)
(/home/maeve/.local/texlive/2023/texmf-dist/fonts/source/public/modes/modes.mf)
 )
Beginning to dump on file mf.base
 (preloaded base=mf 2023.9.22)
2237 strings of total length 30289
11955 memory locations dumped; current usage is 3679&7916
1011 symbolic tokens
Transcript written on mf.log.
fmtutil [INFO]: log file copied to: /home/maeve/.local/texlive/2023/texmf-var/web2c/metafont/mf.log
fmtutil [INFO]: /home/maeve/.local/texlive/2023/texmf-var/web2c/metafont/mf.base installed.
fmtutil [INFO]: --- remaking etex with pdftex
fmtutil: running `pdftex -ini   -jobname=etex -progname=etex -translate-file=cp227.tcx *etex.ini' ...
This is pdfTeX, Version 3.141592653-2.6-1.40.25 (TeX Live 2023) (INITEX)
 restricted \write18 enabled.
 (/home/maeve/.local/texlive/2023/texmf-dist/web2c/cp227.tcx)
entering extended mode
(/home/maeve/.local/texlive/2023/texmf-dist/tex/plain/config/etex.ini
(/home/maeve/.local/texlive/2023/texmf-dist/tex/plain/etex/etex.src
(/home/maeve/.local/texlive/2023/texmf-dist/tex/plain/base/plain.tex
Preloading the plain format: codes, registers, parameters, fonts, more fonts,
macros, math definitions, output routines, hyphenation
(/home/maeve/.local/texlive/2023/texmf-dist/tex/generic/hyphen/hyphen.tex
[skipping from \patterns to end-of-file...]))
(/home/maeve/.local/texlive/2023/texmf-dist/tex/plain/etex/etexdefs.lib
Skipping module "grouptypes"; Loading module "interactionmodes";
Skipping module "nodetypes"; Skipping module "iftypes";)
(/home/maeve/.local/texlive/2023/texmf-var/tex/generic/config/language.def
(/home/maeve/.local/texlive/2023/texmf-dist/tex/generic/hyphen/hyphen.tex)
(/home/maeve/.local/texlive/2023/texmf-dist/tex/generic/hyph-utf8/loadhyph/load
hyph-en-gb.tex ASCII Hyphenation patterns for British English
(/home/maeve/.local/texlive/2023/texmf-dist/tex/generic/hyph-utf8/patterns/tex/
hyph-en-gb.tex))
(/home/maeve/.local/texlive/2023/texmf-dist/tex/generic/hyph-utf8/loadhyph/load
hyph-en-gb.tex ASCII Hyphenation patterns for British English
(/home/maeve/.local/texlive/2023/texmf-dist/tex/generic/hyph-utf8/patterns/tex/
hyph-en-gb.tex))
(/home/maeve/.local/texlive/2023/texmf-dist/tex/generic/hyph-utf8/loadhyph/load
hyph-en-gb.tex ASCII Hyphenation patterns for British English
(/home/maeve/.local/texlive/2023/texmf-dist/tex/generic/hyph-utf8/patterns/tex/
hyph-en-gb.tex))
(/home/maeve/.local/texlive/2023/texmf-dist/tex/generic/hyph-utf8/loadhyph/load
hyph-en-us.tex ASCII Hyphenation patterns for American English
(/home/maeve/.local/texlive/2023/texmf-dist/tex/generic/hyph-utf8/patterns/tex/
hyph-en-us.tex))) Augmenting the Plain TeX definitions: \tracingall;
Adding new e-TeX definitions: \eTeX, \loggingall, \tracingnone,
register allocation; extended register allocation; 
Recycling: \addlanguage, \@nswer (not defined), \@sk, \b@dresponsetrue,
\b@dresponsefalse, \ch@ckforyn, \mayber@cycle, \et@xabort, \et@xbuf,
\et@xfmtsrc, \et@xfilehdr, \et@xinf, \et@xpatterns, \l@ngdefnfile, \n@xt,
\p@rse (not defined), \pr@mpt (not defined), \pr@mptloop (not defined),
\forcer@cycle, \usef@llback, \usef@llbacktrue, \usef@llbackfalse, 
Retaining: \et@xerr, \et@xinput, \et@xlibhdr, \et@xmsg, \et@xtoks, \et@xwarn,
\et@xl@@d, \et@xl@ad, \et@xload, \et@xlang, \et@xhash, \eTeX, \etexhdrchk,
\etexstatus, \module, \uselanguage, \r@tain, \r@cycle,) )
Beginning to dump on file etex.fmt
 (preloaded format=etex 2023.9.22)
2987 strings of total length 45777
8069 memory locations dumped; current usage is 203&7399
1285 multiletter control sequences
\font\nullfont=nullfont
\font\tenrm=cmr10
\font\preloaded=cmr9
\font\preloaded=cmr8
\font\sevenrm=cmr7
\font\preloaded=cmr6
\font\fiverm=cmr5
\font\teni=cmmi10
\font\preloaded=cmmi9
\font\preloaded=cmmi8
\font\seveni=cmmi7
\font\preloaded=cmmi6
\font\fivei=cmmi5
\font\tensy=cmsy10
\font\preloaded=cmsy9
\font\preloaded=cmsy8
\font\sevensy=cmsy7
\font\preloaded=cmsy6
\font\fivesy=cmsy5
\font\tenex=cmex10
\font\preloaded=cmss10
\font\preloaded=cmssq8
\font\preloaded=cmssi10
\font\preloaded=cmssqi8
\font\tenbf=cmbx10
\font\preloaded=cmbx9
\font\preloaded=cmbx8
\font\sevenbf=cmbx7
\font\preloaded=cmbx6
\font\fivebf=cmbx5
\font\tentt=cmtt10
\font\preloaded=cmtt9
\font\preloaded=cmtt8
\font\preloaded=cmsltt10
\font\tensl=cmsl10
\font\preloaded=cmsl9
\font\preloaded=cmsl8
\font\tenit=cmti10
\font\preloaded=cmti9
\font\preloaded=cmti8
\font\preloaded=cmti7
\font\preloaded=cmu10
\font\preloaded=cmmib10
\font\preloaded=cmbsy10
\font\preloaded=cmcsc10
\font\preloaded=cmssbx10
\font\preloaded=cmdunh10
\font\preloaded=cmr7 at 14.51799pt
\font\preloaded=cmtt10 at 14.4pt
\font\preloaded=cmssbx10 at 14.4pt
\font\preloaded=manfnt
14787 words of font info for 50 preloaded fonts
52 hyphenation exceptions
Hyphenation trie of length 20391 has 1230 ops out of 35111
  377 for language 4
  224 for language 3
  224 for language 2
  224 for language 1
  181 for language 0
0 words of pdfTeX memory
0 indirect objects
No pages of output.
Transcript written on etex.log.
fmtutil [INFO]: log file copied to: /home/maeve/.local/texlive/2023/texmf-var/web2c/pdftex/etex.log
fmtutil [INFO]: /home/maeve/.local/texlive/2023/texmf-var/web2c/pdftex/etex.fmt installed.
fmtutil [INFO]: --- remaking mptopdf with pdftex
fmtutil: running `pdftex -ini   -jobname=mptopdf -progname=context -translate-file=cp227.tcx mptopdf.tex' ...
This is pdfTeX, Version 3.141592653-2.6-1.40.25 (TeX Live 2023) (INITEX)
 restricted \write18 enabled.
 (/home/maeve/.local/texlive/2023/texmf-dist/web2c/cp227.tcx)

(/home/maeve/.local/texlive/2023/texmf-dist/tex/generic/context/mptopdf/mptopdf
.tex
(/home/maeve/.local/texlive/2023/texmf-dist/tex/context/base/mkii/syst-tex.mkii
(/home/maeve/.local/texlive/2023/texmf-dist/tex/plain/base/plain.tex
Preloading the plain format: codes, registers, parameters, fonts,
skipping \font in plain
skipping \font in plain
skipping \font in plain
skipping \font in plain
skipping \font in plain
skipping \font in plain
skipping \font in plain
skipping \font in plain
skipping \font in plain
skipping \font in plain
skipping \font in plain
skipping \font in plain
skipping \font in plain
skipping \font in plain
skipping \font in plain
skipping \font in plain
skipping \font in plain
skipping \font in plain
skipping \font in plain
skipping \font in plain
skipping \font in plain
skipping \font in plain
skipping \font in plain
skipping \font in plain
skipping \font in plain
skipping \font in plain
skipping \font in plain
skipping \font in plain
skipping \font in plain
skipping \font in plain
skipping \font in plain
skipping \font in plain
skipping \font in plain
skipping \font in plain
skipping \font in plain
skipping \font in plain
skipping \font in plain
skipping \font in plain
skipping \font in plain
skipping \font in plain
more fonts,
skipping \font in plain
skipping \font in plain
skipping \font in plain
skipping \font in plain
skipping \font in plain
skipping \font in plain
skipping scaled \font in plain
skipping scaled \font in plain
skipping scaled \font in plain
skipping \font in plain
skipping \skewchar in plain
skipping \skewchar in plain
skipping \skewchar in plain
skipping \skewchar in plain
skipping \skewchar in plain
skipping \skewchar in plain
skipping \textfont in plain
skipping \scriptfont in plain
skipping \scriptscriptfont in plain
skipping \textfont in plain
skipping \scriptfont in plain
skipping \scriptscriptfont in plain
skipping \textfont in plain
skipping \scriptfont in plain
skipping \scriptscriptfont in plain
skipping \textfont in plain
skipping \scriptfont in plain
skipping \scriptscriptfont in plain
skipping \textfont in plain
skipping \textfont in plain
skipping \textfont in plain
skipping \scriptfont in plain
skipping \scriptscriptfont in plain
skipping \textfont in plain
macros, math definitions,
skipping used \tenex in plain
output routines, hyphenation
skipping \input in plain
skipping \tenrm in plain
))
(/home/maeve/.local/texlive/2023/texmf-dist/tex/context/base/mkii/supp-mis.mkii
loading : ConTeXt Support Macros / Miscellaneous (2004.10.26)
)
(/home/maeve/.local/texlive/2023/texmf-dist/tex/context/base/mkii/supp-pdf.mkii
loading : ConTeXt Support Macros / PDF
)
(/home/maeve/.local/texlive/2023/texmf-dist/tex/context/base/mkii/supp-mpe.mkii
loading : ConTeXt Support Macros / MPS extensions
) )
Beginning to dump on file mptopdf.fmt
 (preloaded format=mptopdf 2023.9.22)
3320 strings of total length 49598
13894 memory locations dumped; current usage is 116&13747
1675 multiletter control sequences
\font\nullfont=nullfont
0 words of font info for 0 preloaded fonts
0 hyphenation exceptions
Hyphenation trie of length 256 has 0 ops out of 35111
0 words of pdfTeX memory
0 indirect objects
No pages of output.
Transcript written on mptopdf.log.
fmtutil [INFO]: log file copied to: /home/maeve/.local/texlive/2023/texmf-var/web2c/pdftex/mptopdf.log
fmtutil [INFO]: /home/maeve/.local/texlive/2023/texmf-var/web2c/pdftex/mptopdf.fmt installed.
fmtutil [INFO]: --- remaking dviluatex with luatex
fmtutil: running `luatex -ini   -jobname=dviluatex -progname=dviluatex dviluatex.ini' ...
This is LuaTeX, Version 1.17.0 (TeX Live 2023)  (INITEX)
 restricted system commands enabled.

(/home/maeve/.local/texlive/2023/texmf-dist/tex/generic/tex-ini-files/dviluatex
.ini
(/home/maeve/.local/texlive/2023/texmf-dist/tex/generic/tex-ini-files/luatex.in
i
(/home/maeve/.local/texlive/2023/texmf-dist/tex/generic/tex-ini-files/luatexcon
fig.tex
(/home/maeve/.local/texlive/2023/texmf-dist/tex/generic/tex-ini-files/pdftexcon
fig.tex))
(/home/maeve/.local/texlive/2023/texmf-dist/tex/generic/config/luatexiniconfig.
tex)
(/home/maeve/.local/texlive/2023/texmf-dist/tex/generic/unicode-data/load-unico
de-data.tex 
load-unicode-data.tex v1.17 (2023-09-18)
Reading Unicode data
# UnicodeData-15.1.0.txt
# Modified 2023-09-18 08:45:00 GMT [JAW]
) (/home/maeve/.local/texlive/2023/texmf-dist/tex/luatex/hyph-utf8/etex.src
(/home/maeve/.local/texlive/2023/texmf-dist/tex/plain/base/plain.tex
Preloading the plain format: codes, registers, parameters, fonts, more fonts,
macros, math definitions, output routines, hyphenation
(/home/maeve/.local/texlive/2023/texmf-dist/tex/generic/hyphen/hyphen.tex
[skipping from \patterns to end-of-file...]))
(/home/maeve/.local/texlive/2023/texmf-dist/tex/plain/etex/etexdefs.lib
Skipping module "grouptypes"; Loading module "interactionmodes";
Skipping module "nodetypes"; Skipping module "iftypes";)
(/home/maeve/.local/texlive/2023/texmf-var/tex/generic/config/language.def
(/home/maeve/.local/texlive/2023/texmf-dist/tex/generic/hyphen/hyphen.tex))
Augmenting the Plain TeX definitions: \tracingall;
Adding new e-TeX definitions: \eTeX, \loggingall, \tracingnone,
register allocation; extended register allocation; 
Recycling: \addlanguage, \@nswer (not defined), \@sk, \b@dresponsetrue,
\b@dresponsefalse, \ch@ckforyn, \mayber@cycle, \et@xabort, \et@xbuf,
\et@xfmtsrc, \et@xfilehdr, \et@xinf, \et@xpatterns, \l@ngdefnfile, \n@xt,
\p@rse (not defined), \pr@mpt (not defined), \pr@mptloop (not defined),
\forcer@cycle, \usef@llback, \usef@llbacktrue, \usef@llbackfalse, 
Retaining: \et@xerr, \et@xinput, \et@xlibhdr, \et@xmsg, \et@xtoks, \et@xwarn,
\et@xl@@d, \et@xl@ad, \et@xload, \et@xlang, \et@xhash, \eTeX, \etexhdrchk,
\etexstatus, \module, \uselanguage, \r@tain, \r@cycle,)))
Beginning to dump on file dviluatex.fmt
 (format=dviluatex 2023.9.22)
3406 strings using 10476 bytes
68809 memory locations dumped; current usage is 149&7733
1895 multiletter control sequences
\font\nullfont=nullfont
\font\tenrm=cmr10
\font\preloaded=cmr9
\font\preloaded=cmr8
\font\sevenrm=cmr7
\font\preloaded=cmr6
\font\fiverm=cmr5
\font\teni=cmmi10
\font\preloaded=cmmi9
\font\preloaded=cmmi8
\font\seveni=cmmi7
\font\preloaded=cmmi6
\font\fivei=cmmi5
\font\tensy=cmsy10
\font\preloaded=cmsy9
\font\preloaded=cmsy8
\font\sevensy=cmsy7
\font\preloaded=cmsy6
\font\fivesy=cmsy5
\font\tenex=cmex10
\font\preloaded=cmss10
\font\preloaded=cmssq8
\font\preloaded=cmssi10
\font\preloaded=cmssqi8
\font\tenbf=cmbx10
\font\preloaded=cmbx9
\font\preloaded=cmbx8
\font\sevenbf=cmbx7
\font\preloaded=cmbx6
\font\fivebf=cmbx5
\font\tentt=cmtt10
\font\preloaded=cmtt9
\font\preloaded=cmtt8
\font\preloaded=cmsltt10
\font\tensl=cmsl10
\font\preloaded=cmsl9
\font\preloaded=cmsl8
\font\tenit=cmti10
\font\preloaded=cmti9
\font\preloaded=cmti8
\font\preloaded=cmti7
\font\preloaded=cmu10
\font\preloaded=cmmib10
\font\preloaded=cmbsy10
\font\preloaded=cmcsc10
\font\preloaded=cmssbx10
\font\preloaded=cmdunh10
\font\preloaded=cmr7 at 14.51799pt
\font\preloaded=cmtt10 at 14.4pt
\font\preloaded=cmssbx10 at 14.4pt
\font\preloaded=manfnt
50 preloaded fonts
No pages of output.
Transcript written on dviluatex.log.
fmtutil [INFO]: log file copied to: /home/maeve/.local/texlive/2023/texmf-var/web2c/luatex/dviluatex.log
fmtutil [INFO]: /home/maeve/.local/texlive/2023/texmf-var/web2c/luatex/dviluatex.fmt installed.
fmtutil [INFO]: --- remaking dvilualatex with luatex
fmtutil: running `luatex -ini   -jobname=dvilualatex -progname=dvilualatex dvilualatex.ini' ...
This is LuaTeX, Version 1.17.0 (TeX Live 2023)  (INITEX)
 restricted system commands enabled.

(/home/maeve/.local/texlive/2023/texmf-dist/tex/generic/tex-ini-files/dvilualat
ex.ini
(/home/maeve/.local/texlive/2023/texmf-dist/tex/generic/tex-ini-files/lualatex.
ini
(/home/maeve/.local/texlive/2023/texmf-dist/tex/generic/tex-ini-files/luatexcon
fig.tex
(/home/maeve/.local/texlive/2023/texmf-dist/tex/generic/tex-ini-files/pdftexcon
fig.tex)) (/home/maeve/.local/texlive/2023/texmf-dist/tex/latex/base/latex.ltx
(/home/maeve/.local/texlive/2023/texmf-dist/tex/latex/base/texsys.cfg)
./texsys.aux found


\@currdir set to: ./.


Assuming \openin and \input 
have the same search path.


Defining UNIX/DOS style filename parser.

catcodes, registers, parameters,
LaTeX2e <2023-06-01> patch level 1
(/home/maeve/.local/texlive/2023/texmf-dist/tex/latex/l3kernel/expl3.ltx
(/home/maeve/.local/texlive/2023/texmf-dist/tex/latex/l3kernel/expl3-code.tex))
 hacks, document commands, control, par, spacing, files, font encodings,
lengths,
====================================

Local config file fonttext.cfg used

====================================
(/home/maeve/.local/texlive/2023/texmf-dist/tex/latex/base/fonttext.cfg
(/home/maeve/.local/texlive/2023/texmf-dist/tex/latex/base/fonttext.ltx
=== Don't modify this file, use a .cfg file instead ===

(/home/maeve/.local/texlive/2023/texmf-dist/tex/latex/base/omlenc.def)
(/home/maeve/.local/texlive/2023/texmf-dist/tex/latex/base/omsenc.def)
(/home/maeve/.local/texlive/2023/texmf-dist/tex/latex/base/ot1enc.def)
(/home/maeve/.local/texlive/2023/texmf-dist/tex/latex/base/t1enc.def)
(/home/maeve/.local/texlive/2023/texmf-dist/tex/latex/base/ts1enc.def)
(/home/maeve/.local/texlive/2023/texmf-dist/tex/latex/base/tuenc.def)
(/home/maeve/.local/texlive/2023/texmf-dist/tex/latex/base/tulmr.fd)
(/home/maeve/.local/texlive/2023/texmf-dist/tex/latex/base/tulmss.fd)
(/home/maeve/.local/texlive/2023/texmf-dist/tex/latex/base/tulmtt.fd)
(/home/maeve/.local/texlive/2023/texmf-dist/tex/latex/lm/ts1lmr.fd)
(/home/maeve/.local/texlive/2023/texmf-dist/tex/latex/base/t1cmr.fd)
(/home/maeve/.local/texlive/2023/texmf-dist/tex/latex/base/ot1cmr.fd)
(/home/maeve/.local/texlive/2023/texmf-dist/tex/latex/base/ot1cmss.fd)
(/home/maeve/.local/texlive/2023/texmf-dist/tex/latex/base/ot1cmtt.fd)))
====================================

Local config file fontmath.cfg used

====================================
(/home/maeve/.local/texlive/2023/texmf-dist/tex/latex/base/fontmath.cfg
(/home/maeve/.local/texlive/2023/texmf-dist/tex/latex/base/fontmath.ltx
=== Don't modify this file, use a .cfg file instead ===

(/home/maeve/.local/texlive/2023/texmf-dist/tex/latex/base/omlcmm.fd)
(/home/maeve/.local/texlive/2023/texmf-dist/tex/latex/base/omscmsy.fd)
(/home/maeve/.local/texlive/2023/texmf-dist/tex/latex/base/omxcmex.fd)
(/home/maeve/.local/texlive/2023/texmf-dist/tex/latex/base/ucmr.fd)))
====================================

Local config file preload.cfg used

=====================================
(/home/maeve/.local/texlive/2023/texmf-dist/tex/latex/base/preload.cfg
(/home/maeve/.local/texlive/2023/texmf-dist/tex/latex/base/preload.ltx))
page nos., x-ref, environments, center, verbatim, math definitions, boxes,
title, sectioning, contents, floats, footnotes, index, bibliography, output,
 Unicode character data,
(/home/maeve/.local/texlive/2023/texmf-dist/tex/generic/unicode-data/load-unico
de-data.tex 
load-unicode-data.tex v1.17 (2023-09-18)
Reading Unicode data
# UnicodeData-15.1.0.txt
# Modified 2023-09-18 08:45:00 GMT [JAW]
)
===========================================
Local configuration file hyphen.cfg used
===========================================
(/home/maeve/.local/texlive/2023/texmf-dist/tex/generic/babel/hyphen.cfg
(/home/maeve/.local/texlive/2023/texmf-dist/tex/generic/babel/luababel.def)
(/home/maeve/.local/texlive/2023/texmf-dist/tex/generic/hyphen/hyphen.tex))
(/home/maeve/.local/texlive/2023/texmf-dist/tex/latex/firstaid/latex2e-first-ai
d-for-external-files.ltx)
)))
Beginning to dump on file dvilualatex.fmt
 (format=dvilualatex 2023.9.22)
22746 strings using 400244 bytes
3874939 memory locations dumped; current usage is 204&488474
21409 multiletter control sequences
\font\nullfont=nullfont
\font\OMX/cmex/m/n/10=cmex10
\font\tenln=line10
\font\tenlnw=linew10
\font\tencirc=lcircle10
\font\tencircw=lcirclew10
\font\OT1/cmr/m/n/5=cmr5
\font\OT1/cmr/m/n/7=cmr7
\font\OT1/cmr/m/n/10=cmr10
\font\OML/cmm/m/it/5=cmmi5
\font\OML/cmm/m/it/7=cmmi7
\font\OML/cmm/m/it/10=cmmi10
\font\OMS/cmsy/m/n/5=cmsy5
\font\OMS/cmsy/m/n/7=cmsy7
\font\OMS/cmsy/m/n/10=cmsy10
14 preloaded fonts
No pages of output.
Transcript written on dvilualatex.log.
fmtutil [INFO]: log file copied to: /home/maeve/.local/texlive/2023/texmf-var/web2c/luatex/dvilualatex.log
fmtutil [INFO]: /home/maeve/.local/texlive/2023/texmf-var/web2c/luatex/dvilualatex.fmt installed.
fmtutil [INFO]: --- remaking lualatex with luahbtex
fmtutil: running `luahbtex -ini   -jobname=lualatex -progname=lualatex lualatex.ini' ...
This is LuaHBTeX, Version 1.17.0 (TeX Live 2023)  (INITEX)
 restricted system commands enabled.

(/home/maeve/.local/texlive/2023/texmf-dist/tex/generic/tex-ini-files/lualatex.
ini
(/home/maeve/.local/texlive/2023/texmf-dist/tex/generic/tex-ini-files/luatexcon
fig.tex
(/home/maeve/.local/texlive/2023/texmf-dist/tex/generic/tex-ini-files/pdftexcon
fig.tex)) (/home/maeve/.local/texlive/2023/texmf-dist/tex/latex/base/latex.ltx
(/home/maeve/.local/texlive/2023/texmf-dist/tex/latex/base/texsys.cfg)
./texsys.aux found


\@currdir set to: ./.


Assuming \openin and \input 
have the same search path.


Defining UNIX/DOS style filename parser.

catcodes, registers, parameters,
LaTeX2e <2023-06-01> patch level 1
(/home/maeve/.local/texlive/2023/texmf-dist/tex/latex/l3kernel/expl3.ltx
(/home/maeve/.local/texlive/2023/texmf-dist/tex/latex/l3kernel/expl3-code.tex))
 hacks, document commands, control, par, spacing, files, font encodings,
lengths,
====================================

Local config file fonttext.cfg used

====================================
(/home/maeve/.local/texlive/2023/texmf-dist/tex/latex/base/fonttext.cfg
(/home/maeve/.local/texlive/2023/texmf-dist/tex/latex/base/fonttext.ltx
=== Don't modify this file, use a .cfg file instead ===

(/home/maeve/.local/texlive/2023/texmf-dist/tex/latex/base/omlenc.def)
(/home/maeve/.local/texlive/2023/texmf-dist/tex/latex/base/omsenc.def)
(/home/maeve/.local/texlive/2023/texmf-dist/tex/latex/base/ot1enc.def)
(/home/maeve/.local/texlive/2023/texmf-dist/tex/latex/base/t1enc.def)
(/home/maeve/.local/texlive/2023/texmf-dist/tex/latex/base/ts1enc.def)
(/home/maeve/.local/texlive/2023/texmf-dist/tex/latex/base/tuenc.def)
(/home/maeve/.local/texlive/2023/texmf-dist/tex/latex/base/tulmr.fd)
(/home/maeve/.local/texlive/2023/texmf-dist/tex/latex/base/tulmss.fd)
(/home/maeve/.local/texlive/2023/texmf-dist/tex/latex/base/tulmtt.fd)
(/home/maeve/.local/texlive/2023/texmf-dist/tex/latex/lm/ts1lmr.fd)
(/home/maeve/.local/texlive/2023/texmf-dist/tex/latex/base/t1cmr.fd)
(/home/maeve/.local/texlive/2023/texmf-dist/tex/latex/base/ot1cmr.fd)
(/home/maeve/.local/texlive/2023/texmf-dist/tex/latex/base/ot1cmss.fd)
(/home/maeve/.local/texlive/2023/texmf-dist/tex/latex/base/ot1cmtt.fd)))
====================================

Local config file fontmath.cfg used

====================================
(/home/maeve/.local/texlive/2023/texmf-dist/tex/latex/base/fontmath.cfg
(/home/maeve/.local/texlive/2023/texmf-dist/tex/latex/base/fontmath.ltx
=== Don't modify this file, use a .cfg file instead ===

(/home/maeve/.local/texlive/2023/texmf-dist/tex/latex/base/omlcmm.fd)
(/home/maeve/.local/texlive/2023/texmf-dist/tex/latex/base/omscmsy.fd)
(/home/maeve/.local/texlive/2023/texmf-dist/tex/latex/base/omxcmex.fd)
(/home/maeve/.local/texlive/2023/texmf-dist/tex/latex/base/ucmr.fd)))
====================================

Local config file preload.cfg used

=====================================
(/home/maeve/.local/texlive/2023/texmf-dist/tex/latex/base/preload.cfg
(/home/maeve/.local/texlive/2023/texmf-dist/tex/latex/base/preload.ltx))
page nos., x-ref, environments, center, verbatim, math definitions, boxes,
title, sectioning, contents, floats, footnotes, index, bibliography, output,
 Unicode character data,
(/home/maeve/.local/texlive/2023/texmf-dist/tex/generic/unicode-data/load-unico
de-data.tex 
load-unicode-data.tex v1.17 (2023-09-18)
Reading Unicode data
# UnicodeData-15.1.0.txt
# Modified 2023-09-18 08:45:00 GMT [JAW]
)
===========================================
Local configuration file hyphen.cfg used
===========================================
(/home/maeve/.local/texlive/2023/texmf-dist/tex/generic/babel/hyphen.cfg
(/home/maeve/.local/texlive/2023/texmf-dist/tex/generic/babel/luababel.def)
(/home/maeve/.local/texlive/2023/texmf-dist/tex/generic/hyphen/hyphen.tex))
(/home/maeve/.local/texlive/2023/texmf-dist/tex/latex/firstaid/latex2e-first-ai
d-for-external-files.ltx)
))
Beginning to dump on file lualatex.fmt
 (format=lualatex 2023.9.22)
22741 strings using 400220 bytes
3875849 memory locations dumped; current usage is 204&488014
21409 multiletter control sequences
\font\nullfont=nullfont
\font\OMX/cmex/m/n/10=cmex10
\font\tenln=line10
\font\tenlnw=linew10
\font\tencirc=lcircle10
\font\tencircw=lcirclew10
\font\OT1/cmr/m/n/5=cmr5
\font\OT1/cmr/m/n/7=cmr7
\font\OT1/cmr/m/n/10=cmr10
\font\OML/cmm/m/it/5=cmmi5
\font\OML/cmm/m/it/7=cmmi7
\font\OML/cmm/m/it/10=cmmi10
\font\OMS/cmsy/m/n/5=cmsy5
\font\OMS/cmsy/m/n/7=cmsy7
\font\OMS/cmsy/m/n/10=cmsy10
14 preloaded fonts
warning  (pdf backend): no pages of output.
Transcript written on lualatex.log.
fmtutil [INFO]: log file copied to: /home/maeve/.local/texlive/2023/texmf-var/web2c/luahbtex/lualatex.log
fmtutil [INFO]: /home/maeve/.local/texlive/2023/texmf-var/web2c/luahbtex/lualatex.fmt installed.
fmtutil [INFO]: successfully rebuilt formats: 13
fmtutil [INFO]: total formats: 13
fmtutil [INFO]: exiting with status 0
running package-specific postactions
postaction install script for dvipdfmx: perl /home/maeve/.local/texlive/2023/tlpkg/tlpostcode/dvipdfmx.pl
finished with package-specific postactions

 ----------------------------------------------------------------------
 The following environment variables contain the string "tex"
 (case-independent).  If you're doing anything but adding personal
 directories to the system paths, they may well cause trouble somewhere
 while running TeX.  If you encounter problems, try unsetting them.
 
 Please ignore spurious matches unrelated to TeX. (To omit this check,
 set the environment variable TEXLIVE_INSTALL_ENV_NOCHECK.)

    CSF_MDTVTexturesDirectory=/usr/share/opencascade/resources/Textures
    TEXLIVE_INSTALL_NO_DISKCHECK=1
 ----------------------------------------------------------------------


Welcome to TeX Live!


See /home/maeve/.local/texlive/2023/index.html for links to documentation.
The TeX Live web site (https://tug.org/texlive/) contains any updates and corrections. TeX Live is a joint project of the TeX user groups around the world; please consider supporting it by joining the group best for you. The list of groups is available on the web at https://tug.org/usergroups.html.


Add /home/maeve/.local/texlive/2023/texmf-dist/doc/man to MANPATH.
Add /home/maeve/.local/texlive/2023/texmf-dist/doc/info to INFOPATH.
Most importantly, add /home/maeve/.local/texlive/2023/bin/x86_64-linux
to your PATH for current and future sessions.